2020-08-09 04:29:09-SELECT * FROM `t_config`
2020-08-09 04:29:09-SELECT * FROM `t_products_type` WHERE `active` = "1" AND `isdelete` = "0" ORDER BY `sort_num` DESC
2020-08-09 04:29:09-SELECT p1.*,p2.id AS products_type_id,p2.name AS products_type_name FROM `t_products` as p1 left join t_products_type as p2 on p1.typeid =p2.id where p1.active=1 and p1.isdelete=0 and p2.active=1 and p2.isdelete=0 order by p2.sort_num DESC, p1.sort_num DESC
2020-08-09 05:47:09-SELECT * FROM `t_config`
2020-08-09 05:47:09-SELECT * FROM `t_products_type` WHERE `active` = "1" AND `isdelete` = "0" ORDER BY `sort_num` DESC
2020-08-09 05:47:09-SELECT p1.*,p2.id AS products_type_id,p2.name AS products_type_name FROM `t_products` as p1 left join t_products_type as p2 on p1.typeid =p2.id where p1.active=1 and p1.isdelete=0 and p2.active=1 and p2.isdelete=0 order by p2.sort_num DESC, p1.sort_num DESC
2020-08-09 07:00:00-SELECT * FROM `t_config`
2020-08-09 07:00:00-SELECT * FROM `t_products_type` WHERE `active` = "1" AND `isdelete` = "0" ORDER BY `sort_num` DESC
2020-08-09 07:00:00-SELECT p1.*,p2.id AS products_type_id,p2.name AS products_type_name FROM `t_products` as p1 left join t_products_type as p2 on p1.typeid =p2.id where p1.active=1 and p1.isdelete=0 and p2.active=1 and p2.isdelete=0 order by p2.sort_num DESC, p1.sort_num DESC
2020-08-09 07:00:00-SELECT * FROM `t_products_type` WHERE `active` = "1" AND `isdelete` = "0" ORDER BY `sort_num` DESC
2020-08-09 07:00:00-SELECT p1.*,p2.id AS products_type_id,p2.name AS products_type_name FROM `t_products` as p1 left join t_products_type as p2 on p1.typeid =p2.id where p1.active=1 and p1.isdelete=0 and p2.active=1 and p2.isdelete=0 order by p2.sort_num DESC, p1.sort_num DESC
2020-08-09 07:00:00-SELECT COUNT(*) AS `total` FROM `t_products` WHERE `active` = "1" AND `isdelete` = "0" LIMIT 1
2020-08-09 07:00:00-SELECT p1.* FROM `t_products` as p1 left join t_products_type as p2 on p1.typeid =p2.id where p1.active=1 and p1.isdelete=0 and p2.active=1 and p2.isdelete=0 order by p2.sort_num DESC, p1.sort_num DESC LIMIT 0,10
2020-08-09 07:00:02-SELECT COUNT(*) AS `total` FROM `t_products` WHERE `active` = "1" AND `isdelete` = "0" LIMIT 1
2020-08-09 07:00:02-SELECT p1.* FROM `t_products` as p1 left join t_products_type as p2 on p1.typeid =p2.id where p1.active=1 and p1.isdelete=0 and p2.active=1 and p2.isdelete=0 order by p2.sort_num DESC, p1.sort_num DESC LIMIT 0,10
2020-08-09 07:25:25-SELECT * FROM `t_config`
2020-08-09 07:25:25-SELECT * FROM `t_products_type` WHERE `active` = "1" AND `isdelete` = "0" ORDER BY `sort_num` DESC
2020-08-09 07:25:25-SELECT p1.*,p2.id AS products_type_id,p2.name AS products_type_name FROM `t_products` as p1 left join t_products_type as p2 on p1.typeid =p2.id where p1.active=1 and p1.isdelete=0 and p2.active=1 and p2.isdelete=0 order by p2.sort_num DESC, p1.sort_num DESC
2020-08-09 08:21:14-SELECT * FROM `t_config`
2020-08-09 08:21:14-SELECT * FROM `t_products_type` WHERE `active` = "1" AND `isdelete` = "0" ORDER BY `sort_num` DESC
2020-08-09 08:21:14-SELECT p1.*,p2.id AS products_type_id,p2.name AS products_type_name FROM `t_products` as p1 left join t_products_type as p2 on p1.typeid =p2.id where p1.active=1 and p1.isdelete=0 and p2.active=1 and p2.isdelete=0 order by p2.sort_num DESC, p1.sort_num DESC
2020-08-09 09:04:03-SELECT * FROM `t_config`
2020-08-09 09:04:03-SELECT * FROM `t_products_type` WHERE `active` = "1" AND `isdelete` = "0" ORDER BY `sort_num` DESC
2020-08-09 09:04:03-SELECT p1.*,p2.id AS products_type_id,p2.name AS products_type_name FROM `t_products` as p1 left join t_products_type as p2 on p1.typeid =p2.id where p1.active=1 and p1.isdelete=0 and p2.active=1 and p2.isdelete=0 order by p2.sort_num DESC, p1.sort_num DESC
2020-08-09 09:04:03-SELECT * FROM `t_products_type` WHERE `active` = "1" AND `isdelete` = "0" ORDER BY `sort_num` DESC
2020-08-09 09:04:03-SELECT p1.*,p2.id AS products_type_id,p2.name AS products_type_name FROM `t_products` as p1 left join t_products_type as p2 on p1.typeid =p2.id where p1.active=1 and p1.isdelete=0 and p2.active=1 and p2.isdelete=0 order by p2.sort_num DESC, p1.sort_num DESC
2020-08-09 09:04:05-SELECT * FROM `t_products_type` WHERE `active` = "1" AND `isdelete` = "0" ORDER BY `sort_num` DESC
2020-08-09 09:04:05-SELECT p1.*,p2.id AS products_type_id,p2.name AS products_type_name FROM `t_products` as p1 left join t_products_type as p2 on p1.typeid =p2.id where p1.active=1 and p1.isdelete=0 and p2.active=1 and p2.isdelete=0 order by p2.sort_num DESC, p1.sort_num DESC
2020-08-09 09:04:05-SELECT * FROM `t_products_type` WHERE `active` = "1" AND `isdelete` = "0" ORDER BY `sort_num` DESC
2020-08-09 09:04:05-SELECT p1.*,p2.id AS products_type_id,p2.name AS products_type_name FROM `t_products` as p1 left join t_products_type as p2 on p1.typeid =p2.id where p1.active=1 and p1.isdelete=0 and p2.active=1 and p2.isdelete=0 order by p2.sort_num DESC, p1.sort_num DESC
2020-08-09 09:46:05-SELECT * FROM `t_config`
2020-08-09 09:46:05-SELECT * FROM `t_products_type` WHERE `active` = "1" AND `isdelete` = "0" ORDER BY `sort_num` DESC
2020-08-09 09:46:05-SELECT p1.*,p2.id AS products_type_id,p2.name AS products_type_name FROM `t_products` as p1 left join t_products_type as p2 on p1.typeid =p2.id where p1.active=1 and p1.isdelete=0 and p2.active=1 and p2.isdelete=0 order by p2.sort_num DESC, p1.sort_num DESC
2020-08-09 09:46:05-SELECT COUNT(*) AS `total` FROM `t_products` WHERE `active` = "1" AND `isdelete` = "0" LIMIT 1
2020-08-09 09:46:05-SELECT p1.* FROM `t_products` as p1 left join t_products_type as p2 on p1.typeid =p2.id where p1.active=1 and p1.isdelete=0 and p2.active=1 and p2.isdelete=0 order by p2.sort_num DESC, p1.sort_num DESC LIMIT 0,10
2020-08-09 11:59:16-SELECT * FROM `t_config`
2020-08-09 11:59:16-SELECT * FROM `t_products_type` WHERE `active` = "1" AND `isdelete` = "0" ORDER BY `sort_num` DESC
2020-08-09 11:59:16-SELECT p1.*,p2.id AS products_type_id,p2.name AS products_type_name FROM `t_products` as p1 left join t_products_type as p2 on p1.typeid =p2.id where p1.active=1 and p1.isdelete=0 and p2.active=1 and p2.isdelete=0 order by p2.sort_num DESC, p1.sort_num DESC
2020-08-09 12:19:10-SELECT * FROM `t_config`
2020-08-09 12:19:10-SELECT * FROM `t_products_type` WHERE `active` = "1" AND `isdelete` = "0" ORDER BY `sort_num` DESC
2020-08-09 12:19:10-SELECT p1.*,p2.id AS products_type_id,p2.name AS products_type_name FROM `t_products` as p1 left join t_products_type as p2 on p1.typeid =p2.id where p1.active=1 and p1.isdelete=0 and p2.active=1 and p2.isdelete=0 order by p2.sort_num DESC, p1.sort_num DESC
2020-08-09 12:19:59-SELECT COUNT(*) AS `total` FROM `t_products` WHERE `active` = "1" AND `isdelete` = "0" LIMIT 1
2020-08-09 12:19:59-SELECT p1.* FROM `t_products` as p1 left join t_products_type as p2 on p1.typeid =p2.id where p1.active=1 and p1.isdelete=0 and p2.active=1 and p2.isdelete=0 order by p2.sort_num DESC, p1.sort_num DESC LIMIT 0,10
2020-08-09 12:55:59-SELECT * FROM `t_config`
2020-08-09 12:55:59-SELECT * FROM `t_products_type` WHERE `active` = "1" AND `isdelete` = "0" ORDER BY `sort_num` DESC
2020-08-09 12:55:59-SELECT p1.*,p2.id AS products_type_id,p2.name AS products_type_name FROM `t_products` as p1 left join t_products_type as p2 on p1.typeid =p2.id where p1.active=1 and p1.isdelete=0 and p2.active=1 and p2.isdelete=0 order by p2.sort_num DESC, p1.sort_num DESC
2020-08-09 12:55:59-SELECT COUNT(*) AS `total` FROM `t_products` WHERE `active` = "1" AND `isdelete` = "0" LIMIT 1
2020-08-09 12:55:59-SELECT p1.* FROM `t_products` as p1 left join t_products_type as p2 on p1.typeid =p2.id where p1.active=1 and p1.isdelete=0 and p2.active=1 and p2.isdelete=0 order by p2.sort_num DESC, p1.sort_num DESC LIMIT 0,10
2020-08-09 13:07:49-SELECT * FROM `t_config`
2020-08-09 13:07:49-SELECT COUNT(*) AS `total` FROM `t_products` WHERE `active` = "1" AND `isdelete` = "0" LIMIT 1
2020-08-09 13:07:49-SELECT p1.* FROM `t_products` as p1 left join t_products_type as p2 on p1.typeid =p2.id where p1.active=1 and p1.isdelete=0 and p2.active=1 and p2.isdelete=0 order by p2.sort_num DESC, p1.sort_num DESC LIMIT 0,10
2020-08-09 13:45:24-SELECT * FROM `t_config`
2020-08-09 13:45:24-SELECT * FROM `t_products_type` WHERE `active` = "1" AND `isdelete` = "0" ORDER BY `sort_num` DESC
2020-08-09 13:45:24-SELECT p1.*,p2.id AS products_type_id,p2.name AS products_type_name FROM `t_products` as p1 left join t_products_type as p2 on p1.typeid =p2.id where p1.active=1 and p1.isdelete=0 and p2.active=1 and p2.isdelete=0 order by p2.sort_num DESC, p1.sort_num DESC
2020-08-09 13:45:25-SELECT * FROM `t_products_type` WHERE `active` = "1" AND `isdelete` = "0" ORDER BY `sort_num` DESC
2020-08-09 13:45:25-SELECT p1.*,p2.id AS products_type_id,p2.name AS products_type_name FROM `t_products` as p1 left join t_products_type as p2 on p1.typeid =p2.id where p1.active=1 and p1.isdelete=0 and p2.active=1 and p2.isdelete=0 order by p2.sort_num DESC, p1.sort_num DESC
2020-08-09 14:37:09-SELECT * FROM `t_config`
2020-08-09 14:37:09-SELECT * FROM `t_products_type` WHERE `active` = "1" AND `isdelete` = "0" ORDER BY `sort_num` DESC
2020-08-09 14:37:09-SELECT p1.*,p2.id AS products_type_id,p2.name AS products_type_name FROM `t_products` as p1 left join t_products_type as p2 on p1.typeid =p2.id where p1.active=1 and p1.isdelete=0 and p2.active=1 and p2.isdelete=0 order by p2.sort_num DESC, p1.sort_num DESC
2020-08-09 14:37:55-SELECT * FROM `t_products_type` WHERE `active` = "1" AND `isdelete` = "0" ORDER BY `sort_num` DESC
2020-08-09 14:37:55-SELECT p1.*,p2.id AS products_type_id,p2.name AS products_type_name FROM `t_products` as p1 left join t_products_type as p2 on p1.typeid =p2.id where p1.active=1 and p1.isdelete=0 and p2.active=1 and p2.isdelete=0 order by p2.sort_num DESC, p1.sort_num DESC
2020-08-09 14:37:56-SELECT COUNT(*) AS `total` FROM `t_products` WHERE `active` = "1" AND `isdelete` = "0" LIMIT 1
2020-08-09 14:37:56-SELECT p1.* FROM `t_products` as p1 left join t_products_type as p2 on p1.typeid =p2.id where p1.active=1 and p1.isdelete=0 and p2.active=1 and p2.isdelete=0 order by p2.sort_num DESC, p1.sort_num DESC LIMIT 0,10
2020-08-09 14:38:20-SELECT * FROM `t_products_type` WHERE `active` = "1" AND `isdelete` = "0" ORDER BY `sort_num` DESC
2020-08-09 14:38:20-SELECT p1.*,p2.id AS products_type_id,p2.name AS products_type_name FROM `t_products` as p1 left join t_products_type as p2 on p1.typeid =p2.id where p1.active=1 and p1.isdelete=0 and p2.active=1 and p2.isdelete=0 order by p2.sort_num DESC, p1.sort_num DESC
2020-08-09 14:38:21-SELECT COUNT(*) AS `total` FROM `t_products` WHERE `active` = "1" AND `isdelete` = "0" LIMIT 1
2020-08-09 14:38:21-SELECT p1.* FROM `t_products` as p1 left join t_products_type as p2 on p1.typeid =p2.id where p1.active=1 and p1.isdelete=0 and p2.active=1 and p2.isdelete=0 order by p2.sort_num DESC, p1.sort_num DESC LIMIT 0,10
2020-08-09 14:38:46-SELECT * FROM `t_products_type` WHERE `active` = "1" AND `isdelete` = "0" ORDER BY `sort_num` DESC
2020-08-09 14:38:46-SELECT p1.*,p2.id AS products_type_id,p2.name AS products_type_name FROM `t_products` as p1 left join t_products_type as p2 on p1.typeid =p2.id where p1.active=1 and p1.isdelete=0 and p2.active=1 and p2.isdelete=0 order by p2.sort_num DESC, p1.sort_num DESC
2020-08-09 14:38:47-SELECT COUNT(*) AS `total` FROM `t_products` WHERE `active` = "1" AND `isdelete` = "0" LIMIT 1
2020-08-09 14:38:47-SELECT p1.* FROM `t_products` as p1 left join t_products_type as p2 on p1.typeid =p2.id where p1.active=1 and p1.isdelete=0 and p2.active=1 and p2.isdelete=0 order by p2.sort_num DESC, p1.sort_num DESC LIMIT 0,10
2020-08-09 14:40:33-SELECT * FROM `t_products_type` WHERE `active` = "1" AND `isdelete` = "0" ORDER BY `sort_num` DESC
2020-08-09 14:40:33-SELECT p1.*,p2.id AS products_type_id,p2.name AS products_type_name FROM `t_products` as p1 left join t_products_type as p2 on p1.typeid =p2.id where p1.active=1 and p1.isdelete=0 and p2.active=1 and p2.isdelete=0 order by p2.sort_num DESC, p1.sort_num DESC
2020-08-09 14:40:34-SELECT COUNT(*) AS `total` FROM `t_products` WHERE `active` = "1" AND `isdelete` = "0" LIMIT 1
2020-08-09 14:40:34-SELECT p1.* FROM `t_products` as p1 left join t_products_type as p2 on p1.typeid =p2.id where p1.active=1 and p1.isdelete=0 and p2.active=1 and p2.isdelete=0 order by p2.sort_num DESC, p1.sort_num DESC LIMIT 0,10
2020-08-09 14:40:37-SELECT * FROM `t_products_type` WHERE `active` = "1" AND `isdelete` = "0" ORDER BY `sort_num` DESC
2020-08-09 14:40:37-SELECT p1.*,p2.id AS products_type_id,p2.name AS products_type_name FROM `t_products` as p1 left join t_products_type as p2 on p1.typeid =p2.id where p1.active=1 and p1.isdelete=0 and p2.active=1 and p2.isdelete=0 order by p2.sort_num DESC, p1.sort_num DESC
2020-08-09 14:40:38-SELECT COUNT(*) AS `total` FROM `t_products` WHERE `active` = "1" AND `isdelete` = "0" LIMIT 1
2020-08-09 14:40:38-SELECT p1.* FROM `t_products` as p1 left join t_products_type as p2 on p1.typeid =p2.id where p1.active=1 and p1.isdelete=0 and p2.active=1 and p2.isdelete=0 order by p2.sort_num DESC, p1.sort_num DESC LIMIT 0,10
2020-08-09 14:44:52-SELECT * FROM `t_products_type` WHERE `active` = "1" AND `isdelete` = "0" ORDER BY `sort_num` DESC
2020-08-09 14:44:52-SELECT p1.*,p2.id AS products_type_id,p2.name AS products_type_name FROM `t_products` as p1 left join t_products_type as p2 on p1.typeid =p2.id where p1.active=1 and p1.isdelete=0 and p2.active=1 and p2.isdelete=0 order by p2.sort_num DESC, p1.sort_num DESC
2020-08-09 14:44:53-SELECT COUNT(*) AS `total` FROM `t_products` WHERE `active` = "1" AND `isdelete` = "0" LIMIT 1
2020-08-09 14:44:53-SELECT p1.* FROM `t_products` as p1 left join t_products_type as p2 on p1.typeid =p2.id where p1.active=1 and p1.isdelete=0 and p2.active=1 and p2.isdelete=0 order by p2.sort_num DESC, p1.sort_num DESC LIMIT 0,10
2020-08-09 14:45:05-SELECT * FROM `t_products_type` WHERE `active` = "1" AND `isdelete` = "0" ORDER BY `sort_num` DESC
2020-08-09 14:45:05-SELECT p1.*,p2.id AS products_type_id,p2.name AS products_type_name FROM `t_products` as p1 left join t_products_type as p2 on p1.typeid =p2.id where p1.active=1 and p1.isdelete=0 and p2.active=1 and p2.isdelete=0 order by p2.sort_num DESC, p1.sort_num DESC
2020-08-09 14:45:06-SELECT COUNT(*) AS `total` FROM `t_products` WHERE `active` = "1" AND `isdelete` = "0" LIMIT 1
2020-08-09 14:45:06-SELECT p1.* FROM `t_products` as p1 left join t_products_type as p2 on p1.typeid =p2.id where p1.active=1 and p1.isdelete=0 and p2.active=1 and p2.isdelete=0 order by p2.sort_num DESC, p1.sort_num DESC LIMIT 0,10
2020-08-09 14:47:45-SELECT * FROM `t_config`
2020-08-09 15:05:07-SELECT * FROM `t_config`
2020-08-09 15:05:07-SELECT * FROM `t_products_type` WHERE `active` = "1" AND `isdelete` = "0" ORDER BY `sort_num` DESC
2020-08-09 15:05:07-SELECT p1.*,p2.id AS products_type_id,p2.name AS products_type_name FROM `t_products` as p1 left join t_products_type as p2 on p1.typeid =p2.id where p1.active=1 and p1.isdelete=0 and p2.active=1 and p2.isdelete=0 order by p2.sort_num DESC, p1.sort_num DESC
2020-08-09 15:05:10-SELECT COUNT(*) AS `total` FROM `t_products` WHERE `active` = "1" AND `isdelete` = "0" LIMIT 1
2020-08-09 15:05:10-SELECT p1.* FROM `t_products` as p1 left join t_products_type as p2 on p1.typeid =p2.id where p1.active=1 and p1.isdelete=0 and p2.active=1 and p2.isdelete=0 order by p2.sort_num DESC, p1.sort_num DESC LIMIT 0,10
2020-08-09 15:05:23-SELECT * FROM `t_products_type` WHERE `active` = "1" AND `isdelete` = "0" ORDER BY `sort_num` DESC
2020-08-09 15:05:23-SELECT p1.*,p2.id AS products_type_id,p2.name AS products_type_name FROM `t_products` as p1 left join t_products_type as p2 on p1.typeid =p2.id where p1.active=1 and p1.isdelete=0 and p2.active=1 and p2.isdelete=0 order by p2.sort_num DESC, p1.sort_num DESC
2020-08-09 15:05:23-SELECT COUNT(*) AS `total` FROM `t_products` WHERE `active` = "1" AND `isdelete` = "0" LIMIT 1
2020-08-09 15:05:23-SELECT p1.* FROM `t_products` as p1 left join t_products_type as p2 on p1.typeid =p2.id where p1.active=1 and p1.isdelete=0 and p2.active=1 and p2.isdelete=0 order by p2.sort_num DESC, p1.sort_num DESC LIMIT 0,10
2020-08-09 15:06:41-SELECT * FROM `t_products_type` WHERE `active` = "1" AND `isdelete` = "0" ORDER BY `sort_num` DESC
2020-08-09 15:06:41-SELECT p1.*,p2.id AS products_type_id,p2.name AS products_type_name FROM `t_products` as p1 left join t_products_type as p2 on p1.typeid =p2.id where p1.active=1 and p1.isdelete=0 and p2.active=1 and p2.isdelete=0 order by p2.sort_num DESC, p1.sort_num DESC
2020-08-09 15:06:42-SELECT COUNT(*) AS `total` FROM `t_products` WHERE `active` = "1" AND `isdelete` = "0" LIMIT 1
2020-08-09 15:06:42-SELECT p1.* FROM `t_products` as p1 left join t_products_type as p2 on p1.typeid =p2.id where p1.active=1 and p1.isdelete=0 and p2.active=1 and p2.isdelete=0 order by p2.sort_num DESC, p1.sort_num DESC LIMIT 0,10
2020-08-09 15:07:12-SELECT * FROM `t_products_type` WHERE `active` = "1" AND `isdelete` = "0" ORDER BY `sort_num` DESC
2020-08-09 15:07:12-SELECT p1.*,p2.id AS products_type_id,p2.name AS products_type_name FROM `t_products` as p1 left join t_products_type as p2 on p1.typeid =p2.id where p1.active=1 and p1.isdelete=0 and p2.active=1 and p2.isdelete=0 order by p2.sort_num DESC, p1.sort_num DESC
2020-08-09 15:07:13-SELECT COUNT(*) AS `total` FROM `t_products` WHERE `active` = "1" AND `isdelete` = "0" LIMIT 1
2020-08-09 15:07:13-SELECT p1.* FROM `t_products` as p1 left join t_products_type as p2 on p1.typeid =p2.id where p1.active=1 and p1.isdelete=0 and p2.active=1 and p2.isdelete=0 order by p2.sort_num DESC, p1.sort_num DESC LIMIT 0,10
2020-08-09 15:14:23-SELECT * FROM `t_products_type` WHERE `active` = "1" AND `isdelete` = "0" ORDER BY `sort_num` DESC
2020-08-09 15:14:23-SELECT p1.*,p2.id AS products_type_id,p2.name AS products_type_name FROM `t_products` as p1 left join t_products_type as p2 on p1.typeid =p2.id where p1.active=1 and p1.isdelete=0 and p2.active=1 and p2.isdelete=0 order by p2.sort_num DESC, p1.sort_num DESC
2020-08-09 15:14:23-SELECT COUNT(*) AS `total` FROM `t_products` WHERE `active` = "1" AND `isdelete` = "0" LIMIT 1
2020-08-09 15:14:23-SELECT p1.* FROM `t_products` as p1 left join t_products_type as p2 on p1.typeid =p2.id where p1.active=1 and p1.isdelete=0 and p2.active=1 and p2.isdelete=0 order by p2.sort_num DESC, p1.sort_num DESC LIMIT 0,10
2020-08-09 15:26:36-SELECT * FROM `t_config`
2020-08-09 15:26:36-SELECT * FROM `t_products_type` WHERE `active` = "1" AND `isdelete` = "0" ORDER BY `sort_num` DESC
2020-08-09 15:26:36-SELECT p1.*,p2.id AS products_type_id,p2.name AS products_type_name FROM `t_products` as p1 left join t_products_type as p2 on p1.typeid =p2.id where p1.active=1 and p1.isdelete=0 and p2.active=1 and p2.isdelete=0 order by p2.sort_num DESC, p1.sort_num DESC
2020-08-09 15:26:36-SELECT COUNT(*) AS `total` FROM `t_products` WHERE `active` = "1" AND `isdelete` = "0" LIMIT 1
2020-08-09 15:26:36-SELECT p1.* FROM `t_products` as p1 left join t_products_type as p2 on p1.typeid =p2.id where p1.active=1 and p1.isdelete=0 and p2.active=1 and p2.isdelete=0 order by p2.sort_num DESC, p1.sort_num DESC LIMIT 0,10
2020-08-09 16:13:42-SELECT * FROM `t_config`
2020-08-09 16:25:56-SELECT * FROM `t_config`
2020-08-09 16:25:56-SELECT * FROM `t_products_type` WHERE `active` = "1" AND `isdelete` = "0" ORDER BY `sort_num` DESC
2020-08-09 16:25:56-SELECT p1.*,p2.id AS products_type_id,p2.name AS products_type_name FROM `t_products` as p1 left join t_products_type as p2 on p1.typeid =p2.id where p1.active=1 and p1.isdelete=0 and p2.active=1 and p2.isdelete=0 order by p2.sort_num DESC, p1.sort_num DESC
2020-08-09 16:25:56-SELECT COUNT(*) AS `total` FROM `t_products` WHERE `active` = "1" AND `isdelete` = "0" LIMIT 1
2020-08-09 16:25:56-SELECT p1.* FROM `t_products` as p1 left join t_products_type as p2 on p1.typeid =p2.id where p1.active=1 and p1.isdelete=0 and p2.active=1 and p2.isdelete=0 order by p2.sort_num DESC, p1.sort_num DESC LIMIT 0,10
2020-08-09 16:26:33-SELECT * FROM `t_products_type` WHERE `active` = "1" AND `isdelete` = "0" ORDER BY `sort_num` DESC
2020-08-09 16:26:33-SELECT p1.*,p2.id AS products_type_id,p2.name AS products_type_name FROM `t_products` as p1 left join t_products_type as p2 on p1.typeid =p2.id where p1.active=1 and p1.isdelete=0 and p2.active=1 and p2.isdelete=0 order by p2.sort_num DESC, p1.sort_num DESC
2020-08-09 16:26:33-SELECT COUNT(*) AS `total` FROM `t_products` WHERE `active` = "1" AND `isdelete` = "0" LIMIT 1
2020-08-09 16:26:33-SELECT p1.* FROM `t_products` as p1 left join t_products_type as p2 on p1.typeid =p2.id where p1.active=1 and p1.isdelete=0 and p2.active=1 and p2.isdelete=0 order by p2.sort_num DESC, p1.sort_num DESC LIMIT 0,10
2020-08-09 16:26:35-SELECT * FROM `t_products_type` WHERE `active` = "1" AND `isdelete` = "0" ORDER BY `sort_num` DESC
2020-08-09 16:26:35-SELECT p1.*,p2.id AS products_type_id,p2.name AS products_type_name FROM `t_products` as p1 left join t_products_type as p2 on p1.typeid =p2.id where p1.active=1 and p1.isdelete=0 and p2.active=1 and p2.isdelete=0 order by p2.sort_num DESC, p1.sort_num DESC
2020-08-09 16:26:35-SELECT COUNT(*) AS `total` FROM `t_products` WHERE `active` = "1" AND `isdelete` = "0" LIMIT 1
2020-08-09 16:26:35-SELECT p1.* FROM `t_products` as p1 left join t_products_type as p2 on p1.typeid =p2.id where p1.active=1 and p1.isdelete=0 and p2.active=1 and p2.isdelete=0 order by p2.sort_num DESC, p1.sort_num DESC LIMIT 0,10
2020-08-09 16:30:26-SELECT * FROM `t_products_type` WHERE `active` = "1" AND `isdelete` = "0" ORDER BY `sort_num` DESC
2020-08-09 16:30:26-SELECT p1.*,p2.id AS products_type_id,p2.name AS products_type_name FROM `t_products` as p1 left join t_products_type as p2 on p1.typeid =p2.id where p1.active=1 and p1.isdelete=0 and p2.active=1 and p2.isdelete=0 order by p2.sort_num DESC, p1.sort_num DESC
2020-08-09 16:30:26-SELECT COUNT(*) AS `total` FROM `t_products` WHERE `active` = "1" AND `isdelete` = "0" LIMIT 1
2020-08-09 16:30:26-SELECT p1.* FROM `t_products` as p1 left join t_products_type as p2 on p1.typeid =p2.id where p1.active=1 and p1.isdelete=0 and p2.active=1 and p2.isdelete=0 order by p2.sort_num DESC, p1.sort_num DESC LIMIT 0,10
2020-08-09 16:34:16-SELECT * FROM `t_products_type` WHERE `active` = "1" AND `isdelete` = "0" ORDER BY `sort_num` DESC
2020-08-09 16:34:16-SELECT p1.*,p2.id AS products_type_id,p2.name AS products_type_name FROM `t_products` as p1 left join t_products_type as p2 on p1.typeid =p2.id where p1.active=1 and p1.isdelete=0 and p2.active=1 and p2.isdelete=0 order by p2.sort_num DESC, p1.sort_num DESC
2020-08-09 16:34:17-SELECT COUNT(*) AS `total` FROM `t_products` WHERE `active` = "1" AND `isdelete` = "0" LIMIT 1
2020-08-09 16:34:17-SELECT p1.* FROM `t_products` as p1 left join t_products_type as p2 on p1.typeid =p2.id where p1.active=1 and p1.isdelete=0 and p2.active=1 and p2.isdelete=0 order by p2.sort_num DESC, p1.sort_num DESC LIMIT 0,10
2020-08-09 16:48:57-SELECT * FROM `t_config`
2020-08-09 16:48:57-SELECT * FROM `t_products_type` WHERE `active` = "1" AND `isdelete` = "0" ORDER BY `sort_num` DESC
2020-08-09 16:48:57-SELECT p1.*,p2.id AS products_type_id,p2.name AS products_type_name FROM `t_products` as p1 left join t_products_type as p2 on p1.typeid =p2.id where p1.active=1 and p1.isdelete=0 and p2.active=1 and p2.isdelete=0 order by p2.sort_num DESC, p1.sort_num DESC
2020-08-09 16:48:58-SELECT COUNT(*) AS `total` FROM `t_products` WHERE `active` = "1" AND `isdelete` = "0" LIMIT 1
2020-08-09 16:48:58-SELECT p1.* FROM `t_products` as p1 left join t_products_type as p2 on p1.typeid =p2.id where p1.active=1 and p1.isdelete=0 and p2.active=1 and p2.isdelete=0 order by p2.sort_num DESC, p1.sort_num DESC LIMIT 0,10
2020-08-09 17:48:46-SELECT * FROM `t_config`
2020-08-09 17:48:46-SELECT * FROM `t_products_type` WHERE `active` = "1" AND `isdelete` = "0" ORDER BY `sort_num` DESC
2020-08-09 17:48:46-SELECT p1.*,p2.id AS products_type_id,p2.name AS products_type_name FROM `t_products` as p1 left join t_products_type as p2 on p1.typeid =p2.id where p1.active=1 and p1.isdelete=0 and p2.active=1 and p2.isdelete=0 order by p2.sort_num DESC, p1.sort_num DESC
2020-08-09 17:48:48-SELECT COUNT(*) AS `total` FROM `t_products` WHERE `active` = "1" AND `isdelete` = "0" LIMIT 1
2020-08-09 17:48:48-SELECT p1.* FROM `t_products` as p1 left join t_products_type as p2 on p1.typeid =p2.id where p1.active=1 and p1.isdelete=0 and p2.active=1 and p2.isdelete=0 order by p2.sort_num DESC, p1.sort_num DESC LIMIT 0,10
2020-08-09 17:48:57-SELECT * FROM `t_products` WHERE `id` = "3" AND `active` = "1" AND `isdelete` = "0" LIMIT 1
2020-08-09 17:54:43-SELECT * FROM `t_products_type` WHERE `active` = "1" AND `isdelete` = "0" ORDER BY `sort_num` DESC
2020-08-09 17:54:43-SELECT p1.*,p2.id AS products_type_id,p2.name AS products_type_name FROM `t_products` as p1 left join t_products_type as p2 on p1.typeid =p2.id where p1.active=1 and p1.isdelete=0 and p2.active=1 and p2.isdelete=0 order by p2.sort_num DESC, p1.sort_num DESC
2020-08-09 17:54:44-SELECT COUNT(*) AS `total` FROM `t_products` WHERE `active` = "1" AND `isdelete` = "0" LIMIT 1
2020-08-09 17:54:44-SELECT p1.* FROM `t_products` as p1 left join t_products_type as p2 on p1.typeid =p2.id where p1.active=1 and p1.isdelete=0 and p2.active=1 and p2.isdelete=0 order by p2.sort_num DESC, p1.sort_num DESC LIMIT 0,10
2020-08-09 18:01:50-SELECT * FROM `t_config`
2020-08-09 18:01:50-SELECT * FROM `t_products_type` WHERE `active` = "1" AND `isdelete` = "0" ORDER BY `sort_num` DESC
2020-08-09 18:01:50-SELECT p1.*,p2.id AS products_type_id,p2.name AS products_type_name FROM `t_products` as p1 left join t_products_type as p2 on p1.typeid =p2.id where p1.active=1 and p1.isdelete=0 and p2.active=1 and p2.isdelete=0 order by p2.sort_num DESC, p1.sort_num DESC
2020-08-09 18:01:51-SELECT COUNT(*) AS `total` FROM `t_products` WHERE `active` = "1" AND `isdelete` = "0" LIMIT 1
2020-08-09 18:01:51-SELECT p1.* FROM `t_products` as p1 left join t_products_type as p2 on p1.typeid =p2.id where p1.active=1 and p1.isdelete=0 and p2.active=1 and p2.isdelete=0 order by p2.sort_num DESC, p1.sort_num DESC LIMIT 0,10
2020-08-09 18:02:01-SELECT * FROM `t_products_type` WHERE `active` = "1" AND `isdelete` = "0" ORDER BY `sort_num` DESC
2020-08-09 18:02:01-SELECT p1.*,p2.id AS products_type_id,p2.name AS products_type_name FROM `t_products` as p1 left join t_products_type as p2 on p1.typeid =p2.id where p1.active=1 and p1.isdelete=0 and p2.active=1 and p2.isdelete=0 order by p2.sort_num DESC, p1.sort_num DESC
2020-08-09 18:02:01-SELECT COUNT(*) AS `total` FROM `t_products` WHERE `active` = "1" AND `isdelete` = "0" LIMIT 1
2020-08-09 18:02:01-SELECT p1.* FROM `t_products` as p1 left join t_products_type as p2 on p1.typeid =p2.id where p1.active=1 and p1.isdelete=0 and p2.active=1 and p2.isdelete=0 order by p2.sort_num DESC, p1.sort_num DESC LIMIT 0,10
2020-08-09 18:09:11-SELECT * FROM `t_products_type` WHERE `active` = "1" AND `isdelete` = "0" ORDER BY `sort_num` DESC
2020-08-09 18:09:11-SELECT p1.*,p2.id AS products_type_id,p2.name AS products_type_name FROM `t_products` as p1 left join t_products_type as p2 on p1.typeid =p2.id where p1.active=1 and p1.isdelete=0 and p2.active=1 and p2.isdelete=0 order by p2.sort_num DESC, p1.sort_num DESC
2020-08-09 18:09:11-SELECT COUNT(*) AS `total` FROM `t_products` WHERE `active` = "1" AND `isdelete` = "0" LIMIT 1
2020-08-09 18:09:11-SELECT p1.* FROM `t_products` as p1 left join t_products_type as p2 on p1.typeid =p2.id where p1.active=1 and p1.isdelete=0 and p2.active=1 and p2.isdelete=0 order by p2.sort_num DESC, p1.sort_num DESC LIMIT 0,10
2020-08-09 18:13:10-SELECT * FROM `t_config`
2020-08-09 18:39:16-SELECT * FROM `t_config`
2020-08-09 18:39:16-SELECT * FROM `t_products_type` WHERE `active` = "1" AND `isdelete` = "0" ORDER BY `sort_num` DESC
2020-08-09 18:39:16-SELECT p1.*,p2.id AS products_type_id,p2.name AS products_type_name FROM `t_products` as p1 left join t_products_type as p2 on p1.typeid =p2.id where p1.active=1 and p1.isdelete=0 and p2.active=1 and p2.isdelete=0 order by p2.sort_num DESC, p1.sort_num DESC
2020-08-09 18:39:17-SELECT * FROM `t_products_type` WHERE `active` = "1" AND `isdelete` = "0" ORDER BY `sort_num` DESC
2020-08-09 18:39:17-SELECT p1.*,p2.id AS products_type_id,p2.name AS products_type_name FROM `t_products` as p1 left join t_products_type as p2 on p1.typeid =p2.id where p1.active=1 and p1.isdelete=0 and p2.active=1 and p2.isdelete=0 order by p2.sort_num DESC, p1.sort_num DESC
2020-08-09 18:39:18-SELECT COUNT(*) AS `total` FROM `t_products` WHERE `active` = "1" AND `isdelete` = "0" LIMIT 1
2020-08-09 18:39:18-SELECT p1.* FROM `t_products` as p1 left join t_products_type as p2 on p1.typeid =p2.id where p1.active=1 and p1.isdelete=0 and p2.active=1 and p2.isdelete=0 order by p2.sort_num DESC, p1.sort_num DESC LIMIT 0,10
2020-08-09 18:39:22-SELECT * FROM `t_products` WHERE `id` = "7" AND `active` = "1" AND `isdelete` = "0" LIMIT 1
2020-08-09 18:41:08-SELECT * FROM `t_products_type` WHERE `active` = "1" AND `isdelete` = "0" ORDER BY `sort_num` DESC
2020-08-09 18:41:08-SELECT p1.*,p2.id AS products_type_id,p2.name AS products_type_name FROM `t_products` as p1 left join t_products_type as p2 on p1.typeid =p2.id where p1.active=1 and p1.isdelete=0 and p2.active=1 and p2.isdelete=0 order by p2.sort_num DESC, p1.sort_num DESC
2020-08-09 18:41:09-SELECT COUNT(*) AS `total` FROM `t_products` WHERE `active` = "1" AND `isdelete` = "0" LIMIT 1
2020-08-09 18:41:09-SELECT p1.* FROM `t_products` as p1 left join t_products_type as p2 on p1.typeid =p2.id where p1.active=1 and p1.isdelete=0 and p2.active=1 and p2.isdelete=0 order by p2.sort_num DESC, p1.sort_num DESC LIMIT 0,10
2020-08-09 19:06:15-SELECT * FROM `t_config`
2020-08-09 19:06:44-SELECT * FROM `t_products_type` WHERE `active` = "1" AND `isdelete` = "0" ORDER BY `sort_num` DESC
2020-08-09 19:06:44-SELECT p1.*,p2.id AS products_type_id,p2.name AS products_type_name FROM `t_products` as p1 left join t_products_type as p2 on p1.typeid =p2.id where p1.active=1 and p1.isdelete=0 and p2.active=1 and p2.isdelete=0 order by p2.sort_num DESC, p1.sort_num DESC
2020-08-09 19:06:45-SELECT COUNT(*) AS `total` FROM `t_products` WHERE `active` = "1" AND `isdelete` = "0" LIMIT 1
2020-08-09 19:06:45-SELECT p1.* FROM `t_products` as p1 left join t_products_type as p2 on p1.typeid =p2.id where p1.active=1 and p1.isdelete=0 and p2.active=1 and p2.isdelete=0 order by p2.sort_num DESC, p1.sort_num DESC LIMIT 0,10
2020-08-09 19:06:49-SELECT * FROM `t_products` WHERE `id` = "7" AND `active` = "1" AND `isdelete` = "0" LIMIT 1
2020-08-09 19:15:38-SELECT * FROM `t_products_type` WHERE `active` = "1" AND `isdelete` = "0" ORDER BY `sort_num` DESC
2020-08-09 19:15:38-SELECT p1.*,p2.id AS products_type_id,p2.name AS products_type_name FROM `t_products` as p1 left join t_products_type as p2 on p1.typeid =p2.id where p1.active=1 and p1.isdelete=0 and p2.active=1 and p2.isdelete=0 order by p2.sort_num DESC, p1.sort_num DESC
2020-08-09 19:17:04-SELECT * FROM `t_config`
2020-08-09 19:18:07-SELECT * FROM `t_products_type` WHERE `active` = "1" AND `isdelete` = "0" ORDER BY `sort_num` DESC
2020-08-09 19:18:07-SELECT p1.*,p2.id AS products_type_id,p2.name AS products_type_name FROM `t_products` as p1 left join t_products_type as p2 on p1.typeid =p2.id where p1.active=1 and p1.isdelete=0 and p2.active=1 and p2.isdelete=0 order by p2.sort_num DESC, p1.sort_num DESC
2020-08-09 19:18:08-SELECT COUNT(*) AS `total` FROM `t_products` WHERE `active` = "1" AND `isdelete` = "0" LIMIT 1
2020-08-09 19:18:08-SELECT p1.* FROM `t_products` as p1 left join t_products_type as p2 on p1.typeid =p2.id where p1.active=1 and p1.isdelete=0 and p2.active=1 and p2.isdelete=0 order by p2.sort_num DESC, p1.sort_num DESC LIMIT 0,10
2020-08-09 19:58:43-SELECT * FROM `t_config`
2020-08-09 19:58:43-SELECT * FROM `t_products_type` WHERE `active` = "1" AND `isdelete` = "0" ORDER BY `sort_num` DESC
2020-08-09 19:58:43-SELECT p1.*,p2.id AS products_type_id,p2.name AS products_type_name FROM `t_products` as p1 left join t_products_type as p2 on p1.typeid =p2.id where p1.active=1 and p1.isdelete=0 and p2.active=1 and p2.isdelete=0 order by p2.sort_num DESC, p1.sort_num DESC
2020-08-09 19:58:43-SELECT COUNT(*) AS `total` FROM `t_products` WHERE `active` = "1" AND `isdelete` = "0" LIMIT 1
2020-08-09 19:58:43-SELECT p1.* FROM `t_products` as p1 left join t_products_type as p2 on p1.typeid =p2.id where p1.active=1 and p1.isdelete=0 and p2.active=1 and p2.isdelete=0 order by p2.sort_num DESC, p1.sort_num DESC LIMIT 0,10
2020-08-09 19:58:50-SELECT * FROM `t_products_type` WHERE `active` = "1" AND `isdelete` = "0" ORDER BY `sort_num` DESC
2020-08-09 19:58:50-SELECT p1.*,p2.id AS products_type_id,p2.name AS products_type_name FROM `t_products` as p1 left join t_products_type as p2 on p1.typeid =p2.id where p1.active=1 and p1.isdelete=0 and p2.active=1 and p2.isdelete=0 order by p2.sort_num DESC, p1.sort_num DESC
2020-08-09 19:58:50-SELECT COUNT(*) AS `total` FROM `t_products` WHERE `active` = "1" AND `isdelete` = "0" LIMIT 1
2020-08-09 19:58:50-SELECT p1.* FROM `t_products` as p1 left join t_products_type as p2 on p1.typeid =p2.id where p1.active=1 and p1.isdelete=0 and p2.active=1 and p2.isdelete=0 order by p2.sort_num DESC, p1.sort_num DESC LIMIT 0,10
2020-08-09 19:58:56-SELECT * FROM `t_products` WHERE `id` = "7" AND `active` = "1" AND `isdelete` = "0" LIMIT 1
2020-08-09 20:01:51-SELECT * FROM `t_products` WHERE `id` = "7" AND `active` = "1" AND `isdelete` = "0" LIMIT 1
2020-08-09 20:01:51-SELECT COUNT(*) AS `total` FROM `t_order` WHERE `ip` = "180.115.239.228" AND `status` = "0" AND `isdelete` = "0" AND addtime>=1596902400 and addtime<=1596988799 LIMIT 1
2020-08-09 20:01:51-SELECT COUNT(*) AS `total` FROM `t_order` WHERE `email` = "609051666@qq.com" AND `status` = "0" AND `isdelete` = "0" AND addtime>=1596902400 and addtime<=1596988799 LIMIT 1
2020-08-09 20:01:51-SELECT * FROM `t_user` WHERE `email` = "609051666@qq.com" LIMIT 1
2020-08-09 20:01:51-INSERT INTO t_order (`orderid`,`userid`,`email`,`qq`,`pid`,`productname`,`price`,`number`,`money`,`chapwd`,`ip`,`status`,`addons`,`addtime`) VALUES ('zlkb2020080920015130500','0','609051666@qq.com','609051666','7','泰迪脚本永久卡','300.00','1','300','zhx159753','180.115.239.228','0','','1596974511')
2020-08-09 20:01:51-SELECT * FROM `t_order` WHERE addtime>1596888111 AND `orderid` = "zlkb2020080920015130500" AND `isdelete` = "0" LIMIT 1
2020-08-09 20:01:51-SELECT * FROM `t_payment` WHERE `active` = "1"
2020-08-09 20:02:03-SELECT * FROM `t_order` WHERE addtime>1596888123 AND `orderid` = "zlkb2020080920015130500" AND `isdelete` = "0" LIMIT 1
2020-08-09 20:02:03-SELECT * FROM `t_order` WHERE `orderid` = "zlkb2020080920015130500" AND `isdelete` = "0" AND addtime>=1596888123 LIMIT 1
2020-08-09 20:02:06-SELECT * FROM `t_order` WHERE `orderid` = "zlkb2020080920015130500" AND `isdelete` = "0" AND addtime>=1596888126 LIMIT 1
2020-08-09 20:02:09-SELECT * FROM `t_order` WHERE `orderid` = "zlkb2020080920015130500" AND `isdelete` = "0" AND addtime>=1596888129 LIMIT 1
2020-08-09 20:02:12-SELECT * FROM `t_order` WHERE `orderid` = "zlkb2020080920015130500" AND `isdelete` = "0" AND addtime>=1596888132 LIMIT 1
2020-08-09 20:02:15-SELECT * FROM `t_order` WHERE `orderid` = "zlkb2020080920015130500" AND `isdelete` = "0" AND addtime>=1596888135 LIMIT 1
2020-08-09 20:02:18-SELECT * FROM `t_order` WHERE `orderid` = "zlkb2020080920015130500" AND `isdelete` = "0" AND addtime>=1596888138 LIMIT 1
2020-08-09 20:02:21-SELECT * FROM `t_order` WHERE `orderid` = "zlkb2020080920015130500" AND `isdelete` = "0" AND addtime>=1596888141 LIMIT 1
2020-08-09 20:02:24-SELECT * FROM `t_order` WHERE `orderid` = "zlkb2020080920015130500" AND `isdelete` = "0" AND addtime>=1596888144 LIMIT 1
2020-08-09 20:02:28-SELECT * FROM `t_order` WHERE `orderid` = "zlkb2020080920015130500" AND `isdelete` = "0" AND addtime>=1596888148 LIMIT 1
2020-08-09 20:02:31-SELECT * FROM `t_order` WHERE `orderid` = "zlkb2020080920015130500" AND `isdelete` = "0" AND addtime>=1596888151 LIMIT 1
2020-08-09 20:02:34-SELECT * FROM `t_order` WHERE `orderid` = "zlkb2020080920015130500" AND `isdelete` = "0" AND addtime>=1596888154 LIMIT 1
2020-08-09 20:02:36-SELECT * FROM `t_order` WHERE `orderid` = "zlkb2020080920015130500" LIMIT 1
2020-08-09 20:02:36-UPDATE `t_order` SET `status` = '1',`paytime` = '1596974556',`tradeid` = '2020080922001429291443683406',`paymethod` = 'zfbf2f',`paymoney` = '300.00'  WHERE `orderid` = "zlkb2020080920015130500" AND `status` = "0"
2020-08-09 20:02:36-SELECT auto,stockcontrol,qty FROM `t_products` WHERE `id` = "7" LIMIT 1
2020-08-09 20:02:36-SELECT * FROM `t_products_card` WHERE `pid` = "7" AND `active` = "0" AND `isdelete` = "0" LIMIT 1
2020-08-09 20:02:36-UPDATE `t_products_card` SET `active` = '1'  WHERE id in (502) AND `active` = "0"
2020-08-09 20:02:36-UPDATE `t_products` SET `qty` = `qty` - '1',`qty_virtual` = `qty_virtual` - '1',`qty_sell` = `qty_sell` + '1'  WHERE `id` = "7" AND `stockcontrol` = "1"
2020-08-09 20:02:36-UPDATE `t_order` SET `status` = '2',`kami` = '1ee70716-d414-4134-8d2a-4ee4e3557bf9'  WHERE `orderid` = "zlkb2020080920015130500" AND `status` = "1"
2020-08-09 20:02:36-INSERT INTO t_email_queue(`email`,`subject`,`content`,`addtime`,`status`) VALUES ('609051666@qq.com','商品购买成功','用户:609051666@qq.com,购买的商品[泰迪脚本永久卡],密码是:1ee70716-d414-4134-8d2a-4ee4e3557bf9','1596974556','0'),('demo@demo.com','用户购买商品','用户:609051666@qq.com,购买的商品[泰迪脚本永久卡],密码发送成功;当前商品库存剩余:99','1596974556','0')
2020-08-09 20:02:36-SELECT * FROM `t_email` WHERE `isdelete` = "0"
2020-08-09 20:02:36-UPDATE `t_email_queue` SET `status` = '2',`sendresult` = '失败lang:email_no_hostnamelang:email_send_failure_smtpUser-Agent:CodeIgniterDate:Sun,9Aug202020:02:36+0800From:&quot;&quot;&lt;&gt;Return-Path:&lt;&gt;To:609051666@qq.comSubject:=?utf-8?Q?=E5=95=86=E5=93=81=E8=B4=AD=E4=B9=B0=E6=88=90=E5=8A=9F?=Reply-To:&lt;&gt;X-Mailer:CodeIgniterX-Priority:3(Normal)Message-ID:&lt;5f2fe5dc6a960&gt;Mime-Version:1.0Content-Type:multipart/alternative;boundary=&quot;B_ALT_5f2fe5dc6a964&quot;Thisisamulti-partmessageinMIMEformat.Youremailapplicationmaynotsupportthisformat.--B_ALT_5f2fe5dc6a964Content-Type:text/plain;charset=utf-8Content-Transfer-Encoding:8bit用户:609051666@qq.com,购买的商品[泰迪脚本永久卡],密码是:1ee70716-d414-4134-8d2a-4ee4e3557bf9--B_ALT_5f2fe5dc6a964Content-Type:text/html;charset=utf-8Content-Transfer-Encoding:quoted-printable=E7=94=A8=E6=88=B7:609051666@qq.com,=E8=B4=AD=E4=B9=B0=E7=9A=84=E5=95=86==E5=93=81[=E6=B3=B0=E8=BF=AA=E8=84=9A=E6=9C=AC=E6=B0=B8=E4=B9=85=E5=8D==A1],=E5=AF=86=E7=A0=81=E6=98=AF:1ee70716-d414-4134-8d2a-4ee4e3557bf9--B_ALT_5f2fe5dc6a964--'  WHERE `email` = "609051666@qq.com" AND `subject` = "商品购买成功" AND `content` = "用户:609051666@qq.com,购买的商品[泰迪脚本永久卡],密码是:1ee70716-d414-4134-8d2a-4ee4e3557bf9" AND `addtime` = "1596974556" AND `status` = "0"
2020-08-09 20:02:37-SELECT * FROM `t_order` WHERE `orderid` = "zlkb2020080920015130500" AND `isdelete` = "0" AND addtime>=1596888157 LIMIT 1
2020-08-09 20:02:37-SELECT * FROM `t_order` WHERE `orderid` = "zlkb2020080920015130500" AND `email` = "609051666@qq.com" AND `isdelete` = "0" LIMIT 1
2020-08-09 20:02:36-UPDATE `t_email_queue` SET `status` = '2',`sendresult` = '失败lang:email_no_hostnamelang:email_send_failure_smtpUser-Agent:CodeIgniterDate:Sun,9Aug202020:02:37+0800From:&quot;&quot;&lt;&gt;Return-Path:&lt;&gt;To:demo@demo.comSubject:=?utf-8?Q?=E7=94=A8=E6=88=B7=E8=B4=AD=E4=B9=B0=E5=95=86=E5=93=81?=Reply-To:&lt;&gt;X-Mailer:CodeIgniterX-Priority:3(Normal)Message-ID:&lt;5f2fe5dd6b912&gt;Mime-Version:1.0Content-Type:multipart/alternative;boundary=&quot;B_ALT_5f2fe5dd6b917&quot;Thisisamulti-partmessageinMIMEformat.Youremailapplicationmaynotsupportthisformat.--B_ALT_5f2fe5dd6b917Content-Type:text/plain;charset=utf-8Content-Transfer-Encoding:8bit用户:609051666@qq.com,购买的商品[泰迪脚本永久卡],密码发送成功;当前商品库存剩余:99--B_ALT_5f2fe5dd6b917Content-Type:text/html;charset=utf-8Content-Transfer-Encoding:quoted-printable=E7=94=A8=E6=88=B7:609051666@qq.com,=E8=B4=AD=E4=B9=B0=E7=9A=84=E5=95=86==E5=93=81[=E6=B3=B0=E8=BF=AA=E8=84=9A=E6=9C=AC=E6=B0=B8=E4=B9=85=E5=8D==A1],=E5=AF=86=E7=A0=81=E5=8F=91=E9=80=81=E6=88=90=E5=8A=9F;=E5=BD=93==E5=89=8D=E5=95=86=E5=93=81=E5=BA=93=E5=AD=98=E5=89=A9=E4=BD=99:99--B_ALT_5f2fe5dd6b917--'  WHERE `email` = "demo@demo.com" AND `subject` = "用户购买商品" AND `content` = "用户:609051666@qq.com,购买的商品[泰迪脚本永久卡],密码发送成功;当前商品库存剩余:99" AND `addtime` = "1596974556" AND `status` = "0"
2020-08-09 20:03:52-SELECT * FROM `t_order` WHERE `orderid` = "zlkb2020080920015130500" AND `status` = "2" AND addtime>=1594296232 LIMIT 1
2020-08-09 20:09:02-SELECT * FROM `t_config`
2020-08-09 20:09:06-SELECT * FROM `t_order` WHERE `orderid` = "zlkb2020080920015130500" AND `email` = "609051666@qq.com" AND `isdelete` = "0" LIMIT 1
2020-08-09 20:09:10-SELECT * FROM `t_order` WHERE `orderid` = "zlkb2020080920015130500" AND `status` = "2" AND addtime>=1594296550 LIMIT 1
2020-08-09 20:12:07-SELECT * FROM `t_products_type` WHERE `active` = "1" AND `isdelete` = "0" ORDER BY `sort_num` DESC
2020-08-09 20:12:07-SELECT p1.*,p2.id AS products_type_id,p2.name AS products_type_name FROM `t_products` as p1 left join t_products_type as p2 on p1.typeid =p2.id where p1.active=1 and p1.isdelete=0 and p2.active=1 and p2.isdelete=0 order by p2.sort_num DESC, p1.sort_num DESC
2020-08-09 20:12:07-SELECT COUNT(*) AS `total` FROM `t_products` WHERE `active` = "1" AND `isdelete` = "0" LIMIT 1
2020-08-09 20:12:07-SELECT p1.* FROM `t_products` as p1 left join t_products_type as p2 on p1.typeid =p2.id where p1.active=1 and p1.isdelete=0 and p2.active=1 and p2.isdelete=0 order by p2.sort_num DESC, p1.sort_num DESC LIMIT 0,10
2020-08-09 20:12:11-SELECT * FROM `t_products_type` WHERE `active` = "1" AND `isdelete` = "0" ORDER BY `sort_num` DESC
2020-08-09 20:12:11-SELECT p1.*,p2.id AS products_type_id,p2.name AS products_type_name FROM `t_products` as p1 left join t_products_type as p2 on p1.typeid =p2.id where p1.active=1 and p1.isdelete=0 and p2.active=1 and p2.isdelete=0 order by p2.sort_num DESC, p1.sort_num DESC
2020-08-09 20:12:11-SELECT COUNT(*) AS `total` FROM `t_products` WHERE `active` = "1" AND `isdelete` = "0" LIMIT 1
2020-08-09 20:12:11-SELECT p1.* FROM `t_products` as p1 left join t_products_type as p2 on p1.typeid =p2.id where p1.active=1 and p1.isdelete=0 and p2.active=1 and p2.isdelete=0 order by p2.sort_num DESC, p1.sort_num DESC LIMIT 0,10
2020-08-09 20:12:12-SELECT * FROM `t_products_type` WHERE `active` = "1" AND `isdelete` = "0" ORDER BY `sort_num` DESC
2020-08-09 20:12:12-SELECT p1.*,p2.id AS products_type_id,p2.name AS products_type_name FROM `t_products` as p1 left join t_products_type as p2 on p1.typeid =p2.id where p1.active=1 and p1.isdelete=0 and p2.active=1 and p2.isdelete=0 order by p2.sort_num DESC, p1.sort_num DESC
2020-08-09 20:12:12-SELECT COUNT(*) AS `total` FROM `t_products` WHERE `active` = "1" AND `isdelete` = "0" LIMIT 1
2020-08-09 20:12:12-SELECT p1.* FROM `t_products` as p1 left join t_products_type as p2 on p1.typeid =p2.id where p1.active=1 and p1.isdelete=0 and p2.active=1 and p2.isdelete=0 order by p2.sort_num DESC, p1.sort_num DESC LIMIT 0,10
2020-08-09 20:12:12-SELECT * FROM `t_products_type` WHERE `active` = "1" AND `isdelete` = "0" ORDER BY `sort_num` DESC
2020-08-09 20:12:12-SELECT p1.*,p2.id AS products_type_id,p2.name AS products_type_name FROM `t_products` as p1 left join t_products_type as p2 on p1.typeid =p2.id where p1.active=1 and p1.isdelete=0 and p2.active=1 and p2.isdelete=0 order by p2.sort_num DESC, p1.sort_num DESC
2020-08-09 20:12:13-SELECT COUNT(*) AS `total` FROM `t_products` WHERE `active` = "1" AND `isdelete` = "0" LIMIT 1
2020-08-09 20:12:13-SELECT p1.* FROM `t_products` as p1 left join t_products_type as p2 on p1.typeid =p2.id where p1.active=1 and p1.isdelete=0 and p2.active=1 and p2.isdelete=0 order by p2.sort_num DESC, p1.sort_num DESC LIMIT 0,10
2020-08-09 20:12:13-SELECT * FROM `t_products_type` WHERE `active` = "1" AND `isdelete` = "0" ORDER BY `sort_num` DESC
2020-08-09 20:12:13-SELECT p1.*,p2.id AS products_type_id,p2.name AS products_type_name FROM `t_products` as p1 left join t_products_type as p2 on p1.typeid =p2.id where p1.active=1 and p1.isdelete=0 and p2.active=1 and p2.isdelete=0 order by p2.sort_num DESC, p1.sort_num DESC
2020-08-09 20:12:13-SELECT COUNT(*) AS `total` FROM `t_products` WHERE `active` = "1" AND `isdelete` = "0" LIMIT 1
2020-08-09 20:12:13-SELECT p1.* FROM `t_products` as p1 left join t_products_type as p2 on p1.typeid =p2.id where p1.active=1 and p1.isdelete=0 and p2.active=1 and p2.isdelete=0 order by p2.sort_num DESC, p1.sort_num DESC LIMIT 0,10
2020-08-09 20:12:14-SELECT * FROM `t_products_type` WHERE `active` = "1" AND `isdelete` = "0" ORDER BY `sort_num` DESC
2020-08-09 20:12:14-SELECT p1.*,p2.id AS products_type_id,p2.name AS products_type_name FROM `t_products` as p1 left join t_products_type as p2 on p1.typeid =p2.id where p1.active=1 and p1.isdelete=0 and p2.active=1 and p2.isdelete=0 order by p2.sort_num DESC, p1.sort_num DESC
2020-08-09 20:12:14-SELECT COUNT(*) AS `total` FROM `t_products` WHERE `active` = "1" AND `isdelete` = "0" LIMIT 1
2020-08-09 20:12:14-SELECT p1.* FROM `t_products` as p1 left join t_products_type as p2 on p1.typeid =p2.id where p1.active=1 and p1.isdelete=0 and p2.active=1 and p2.isdelete=0 order by p2.sort_num DESC, p1.sort_num DESC LIMIT 0,10
2020-08-09 20:12:54-SELECT * FROM `t_products_type` WHERE `active` = "1" AND `isdelete` = "0" ORDER BY `sort_num` DESC
2020-08-09 20:12:54-SELECT p1.*,p2.id AS products_type_id,p2.name AS products_type_name FROM `t_products` as p1 left join t_products_type as p2 on p1.typeid =p2.id where p1.active=1 and p1.isdelete=0 and p2.active=1 and p2.isdelete=0 order by p2.sort_num DESC, p1.sort_num DESC
2020-08-09 20:12:56-SELECT COUNT(*) AS `total` FROM `t_products` WHERE `active` = "1" AND `isdelete` = "0" LIMIT 1
2020-08-09 20:12:56-SELECT p1.* FROM `t_products` as p1 left join t_products_type as p2 on p1.typeid =p2.id where p1.active=1 and p1.isdelete=0 and p2.active=1 and p2.isdelete=0 order by p2.sort_num DESC, p1.sort_num DESC LIMIT 0,10
2020-08-09 20:13:55-SELECT * FROM `t_products_type` WHERE `active` = "1" AND `isdelete` = "0" ORDER BY `sort_num` DESC
2020-08-09 20:13:55-SELECT p1.*,p2.id AS products_type_id,p2.name AS products_type_name FROM `t_products` as p1 left join t_products_type as p2 on p1.typeid =p2.id where p1.active=1 and p1.isdelete=0 and p2.active=1 and p2.isdelete=0 order by p2.sort_num DESC, p1.sort_num DESC
2020-08-09 20:13:55-SELECT COUNT(*) AS `total` FROM `t_products` WHERE `active` = "1" AND `isdelete` = "0" LIMIT 1
2020-08-09 20:13:55-SELECT p1.* FROM `t_products` as p1 left join t_products_type as p2 on p1.typeid =p2.id where p1.active=1 and p1.isdelete=0 and p2.active=1 and p2.isdelete=0 order by p2.sort_num DESC, p1.sort_num DESC LIMIT 0,10
2020-08-09 20:20:19-SELECT * FROM `t_config`
2020-08-09 20:20:19-SELECT * FROM `t_products_type` WHERE `active` = "1" AND `isdelete` = "0" ORDER BY `sort_num` DESC
2020-08-09 20:20:19-SELECT p1.*,p2.id AS products_type_id,p2.name AS products_type_name FROM `t_products` as p1 left join t_products_type as p2 on p1.typeid =p2.id where p1.active=1 and p1.isdelete=0 and p2.active=1 and p2.isdelete=0 order by p2.sort_num DESC, p1.sort_num DESC
2020-08-09 20:20:20-SELECT COUNT(*) AS `total` FROM `t_products` WHERE `active` = "1" AND `isdelete` = "0" LIMIT 1
2020-08-09 20:20:20-SELECT p1.* FROM `t_products` as p1 left join t_products_type as p2 on p1.typeid =p2.id where p1.active=1 and p1.isdelete=0 and p2.active=1 and p2.isdelete=0 order by p2.sort_num DESC, p1.sort_num DESC LIMIT 0,10
2020-08-09 20:47:51-SELECT * FROM `t_config`
2020-08-09 20:47:51-SELECT * FROM `t_products_type` WHERE `active` = "1" AND `isdelete` = "0" ORDER BY `sort_num` DESC
2020-08-09 20:47:51-SELECT p1.*,p2.id AS products_type_id,p2.name AS products_type_name FROM `t_products` as p1 left join t_products_type as p2 on p1.typeid =p2.id where p1.active=1 and p1.isdelete=0 and p2.active=1 and p2.isdelete=0 order by p2.sort_num DESC, p1.sort_num DESC
2020-08-09 20:47:51-SELECT COUNT(*) AS `total` FROM `t_products` WHERE `active` = "1" AND `isdelete` = "0" LIMIT 1
2020-08-09 20:47:51-SELECT p1.* FROM `t_products` as p1 left join t_products_type as p2 on p1.typeid =p2.id where p1.active=1 and p1.isdelete=0 and p2.active=1 and p2.isdelete=0 order by p2.sort_num DESC, p1.sort_num DESC LIMIT 0,10
2020-08-09 20:54:06-SELECT * FROM `t_products_type` WHERE `active` = "1" AND `isdelete` = "0" ORDER BY `sort_num` DESC
2020-08-09 20:54:06-SELECT p1.*,p2.id AS products_type_id,p2.name AS products_type_name FROM `t_products` as p1 left join t_products_type as p2 on p1.typeid =p2.id where p1.active=1 and p1.isdelete=0 and p2.active=1 and p2.isdelete=0 order by p2.sort_num DESC, p1.sort_num DESC
2020-08-09 20:54:06-SELECT COUNT(*) AS `total` FROM `t_products` WHERE `active` = "1" AND `isdelete` = "0" LIMIT 1
2020-08-09 20:54:06-SELECT p1.* FROM `t_products` as p1 left join t_products_type as p2 on p1.typeid =p2.id where p1.active=1 and p1.isdelete=0 and p2.active=1 and p2.isdelete=0 order by p2.sort_num DESC, p1.sort_num DESC LIMIT 0,10
2020-08-09 21:22:31-SELECT * FROM `t_config`
2020-08-09 21:22:31-SELECT * FROM `t_products_type` WHERE `active` = "1" AND `isdelete` = "0" ORDER BY `sort_num` DESC
2020-08-09 21:22:31-SELECT p1.*,p2.id AS products_type_id,p2.name AS products_type_name FROM `t_products` as p1 left join t_products_type as p2 on p1.typeid =p2.id where p1.active=1 and p1.isdelete=0 and p2.active=1 and p2.isdelete=0 order by p2.sort_num DESC, p1.sort_num DESC
2020-08-09 21:22:32-SELECT * FROM `t_products_type` WHERE `active` = "1" AND `isdelete` = "0" ORDER BY `sort_num` DESC
2020-08-09 21:22:32-SELECT p1.*,p2.id AS products_type_id,p2.name AS products_type_name FROM `t_products` as p1 left join t_products_type as p2 on p1.typeid =p2.id where p1.active=1 and p1.isdelete=0 and p2.active=1 and p2.isdelete=0 order by p2.sort_num DESC, p1.sort_num DESC
2020-08-09 21:22:33-SELECT COUNT(*) AS `total` FROM `t_products` WHERE `active` = "1" AND `isdelete` = "0" LIMIT 1
2020-08-09 21:22:33-SELECT p1.* FROM `t_products` as p1 left join t_products_type as p2 on p1.typeid =p2.id where p1.active=1 and p1.isdelete=0 and p2.active=1 and p2.isdelete=0 order by p2.sort_num DESC, p1.sort_num DESC LIMIT 0,10
2020-08-09 21:22:35-SELECT COUNT(*) AS `total` FROM `t_products` WHERE `active` = "1" AND `isdelete` = "0" LIMIT 1
2020-08-09 21:22:35-SELECT p1.* FROM `t_products` as p1 left join t_products_type as p2 on p1.typeid =p2.id where p1.active=1 and p1.isdelete=0 and p2.active=1 and p2.isdelete=0 order by p2.sort_num DESC, p1.sort_num DESC LIMIT 0,10
2020-08-09 21:28:42-SELECT * FROM `t_products_type` WHERE `active` = "1" AND `isdelete` = "0" ORDER BY `sort_num` DESC
2020-08-09 21:28:42-SELECT p1.*,p2.id AS products_type_id,p2.name AS products_type_name FROM `t_products` as p1 left join t_products_type as p2 on p1.typeid =p2.id where p1.active=1 and p1.isdelete=0 and p2.active=1 and p2.isdelete=0 order by p2.sort_num DESC, p1.sort_num DESC
2020-08-09 21:28:43-SELECT COUNT(*) AS `total` FROM `t_products` WHERE `active` = "1" AND `isdelete` = "0" LIMIT 1
2020-08-09 21:28:43-SELECT p1.* FROM `t_products` as p1 left join t_products_type as p2 on p1.typeid =p2.id where p1.active=1 and p1.isdelete=0 and p2.active=1 and p2.isdelete=0 order by p2.sort_num DESC, p1.sort_num DESC LIMIT 0,10
2020-08-09 23:09:11-SELECT * FROM `t_config`
2020-08-09 23:09:29-SELECT * FROM `t_products_type` WHERE `active` = "1" AND `isdelete` = "0" ORDER BY `sort_num` DESC
2020-08-09 23:09:29-SELECT p1.*,p2.id AS products_type_id,p2.name AS products_type_name FROM `t_products` as p1 left join t_products_type as p2 on p1.typeid =p2.id where p1.active=1 and p1.isdelete=0 and p2.active=1 and p2.isdelete=0 order by p2.sort_num DESC, p1.sort_num DESC
2020-08-09 23:09:29-SELECT COUNT(*) AS `total` FROM `t_products` WHERE `active` = "1" AND `isdelete` = "0" LIMIT 1
2020-08-09 23:09:29-SELECT p1.* FROM `t_products` as p1 left join t_products_type as p2 on p1.typeid =p2.id where p1.active=1 and p1.isdelete=0 and p2.active=1 and p2.isdelete=0 order by p2.sort_num DESC, p1.sort_num DESC LIMIT 0,10
2020-08-09 23:09:54-SELECT * FROM `t_products_type` WHERE `active` = "1" AND `isdelete` = "0" ORDER BY `sort_num` DESC
2020-08-09 23:09:54-SELECT p1.*,p2.id AS products_type_id,p2.name AS products_type_name FROM `t_products` as p1 left join t_products_type as p2 on p1.typeid =p2.id where p1.active=1 and p1.isdelete=0 and p2.active=1 and p2.isdelete=0 order by p2.sort_num DESC, p1.sort_num DESC
2020-08-09 23:09:55-SELECT COUNT(*) AS `total` FROM `t_products` WHERE `active` = "1" AND `isdelete` = "0" LIMIT 1
2020-08-09 23:09:55-SELECT p1.* FROM `t_products` as p1 left join t_products_type as p2 on p1.typeid =p2.id where p1.active=1 and p1.isdelete=0 and p2.active=1 and p2.isdelete=0 order by p2.sort_num DESC, p1.sort_num DESC LIMIT 0,10
2020-08-09 23:41:00-SELECT * FROM `t_config`
2020-08-09 23:41:00-SELECT * FROM `t_products_type` WHERE `active` = "1" AND `isdelete` = "0" ORDER BY `sort_num` DESC
2020-08-09 23:41:00-SELECT p1.*,p2.id AS products_type_id,p2.name AS products_type_name FROM `t_products` as p1 left join t_products_type as p2 on p1.typeid =p2.id where p1.active=1 and p1.isdelete=0 and p2.active=1 and p2.isdelete=0 order by p2.sort_num DESC, p1.sort_num DESC
2020-08-09 23:41:00-SELECT COUNT(*) AS `total` FROM `t_products` WHERE `active` = "1" AND `isdelete` = "0" LIMIT 1
2020-08-09 23:41:00-SELECT p1.* FROM `t_products` as p1 left join t_products_type as p2 on p1.typeid =p2.id where p1.active=1 and p1.isdelete=0 and p2.active=1 and p2.isdelete=0 order by p2.sort_num DESC, p1.sort_num DESC LIMIT 0,10
2020-08-09 23:52:20-SELECT * FROM `t_config`
2020-08-09 23:52:20-SELECT * FROM `t_products_type` WHERE `active` = "1" AND `isdelete` = "0" ORDER BY `sort_num` DESC
2020-08-09 23:52:20-SELECT p1.*,p2.id AS products_type_id,p2.name AS products_type_name FROM `t_products` as p1 left join t_products_type as p2 on p1.typeid =p2.id where p1.active=1 and p1.isdelete=0 and p2.active=1 and p2.isdelete=0 order by p2.sort_num DESC, p1.sort_num DESC
