2020-08-18 01:37:28-SELECT * FROM `t_config`
2020-08-18 01:37:28-SELECT * FROM `t_products_type` WHERE `active` = "1" AND `isdelete` = "0" ORDER BY `sort_num` DESC
2020-08-18 01:37:28-SELECT p1.*,p2.id AS products_type_id,p2.name AS products_type_name FROM `t_products` as p1 left join t_products_type as p2 on p1.typeid =p2.id where p1.active=1 and p1.isdelete=0 and p2.active=1 and p2.isdelete=0 order by p2.sort_num DESC, p1.sort_num DESC
2020-08-18 01:37:29-SELECT COUNT(*) AS `total` FROM `t_products` WHERE `active` = "1" AND `isdelete` = "0" LIMIT 1
2020-08-18 01:37:29-SELECT p1.* FROM `t_products` as p1 left join t_products_type as p2 on p1.typeid =p2.id where p1.active=1 and p1.isdelete=0 and p2.active=1 and p2.isdelete=0 order by p2.sort_num DESC, p1.sort_num DESC LIMIT 0,10
2020-08-18 01:37:53-SELECT * FROM `t_order` WHERE `email` = "380996385@qq.com" AND `chapwd` = "2222" AND `isdelete` = "0" AND addtime>=1595007473 ORDER BY `id` desc
2020-08-18 01:38:03-SELECT * FROM `t_order` WHERE `email` = "380996485@qq.com" AND `chapwd` = "2222" AND `isdelete` = "0" AND addtime>=1595007483 ORDER BY `id` desc
2020-08-18 01:38:05-SELECT * FROM `t_order` WHERE `orderid` = "zlkb2020081419285962050" AND `status` = "2" AND addtime>=1595007485 LIMIT 1
2020-08-18 01:47:56-SELECT * FROM `t_config`
2020-08-18 01:58:14-SELECT * FROM `t_config`
2020-08-18 01:58:14-SELECT * FROM `t_products_type` WHERE `active` = "1" AND `isdelete` = "0" ORDER BY `sort_num` DESC
2020-08-18 01:58:14-SELECT p1.*,p2.id AS products_type_id,p2.name AS products_type_name FROM `t_products` as p1 left join t_products_type as p2 on p1.typeid =p2.id where p1.active=1 and p1.isdelete=0 and p2.active=1 and p2.isdelete=0 order by p2.sort_num DESC, p1.sort_num DESC
2020-08-18 03:53:23-SELECT * FROM `t_config`
2020-08-18 03:53:23-SELECT * FROM `t_products_type` WHERE `active` = "1" AND `isdelete` = "0" ORDER BY `sort_num` DESC
2020-08-18 03:53:23-SELECT p1.*,p2.id AS products_type_id,p2.name AS products_type_name FROM `t_products` as p1 left join t_products_type as p2 on p1.typeid =p2.id where p1.active=1 and p1.isdelete=0 and p2.active=1 and p2.isdelete=0 order by p2.sort_num DESC, p1.sort_num DESC
2020-08-18 04:47:14-SELECT * FROM `t_config`
2020-08-18 05:05:30-SELECT * FROM `t_config`
2020-08-18 05:05:30-SELECT * FROM `t_products_type` WHERE `active` = "1" AND `isdelete` = "0" ORDER BY `sort_num` DESC
2020-08-18 05:05:30-SELECT p1.*,p2.id AS products_type_id,p2.name AS products_type_name FROM `t_products` as p1 left join t_products_type as p2 on p1.typeid =p2.id where p1.active=1 and p1.isdelete=0 and p2.active=1 and p2.isdelete=0 order by p2.sort_num DESC, p1.sort_num DESC
2020-08-18 07:52:50-SELECT * FROM `t_config`
2020-08-18 07:52:50-SELECT * FROM `t_products_type` WHERE `active` = "1" AND `isdelete` = "0" ORDER BY `sort_num` DESC
2020-08-18 07:52:50-SELECT p1.*,p2.id AS products_type_id,p2.name AS products_type_name FROM `t_products` as p1 left join t_products_type as p2 on p1.typeid =p2.id where p1.active=1 and p1.isdelete=0 and p2.active=1 and p2.isdelete=0 order by p2.sort_num DESC, p1.sort_num DESC
2020-08-18 07:53:43-SELECT * FROM `t_products_type` WHERE `active` = "1" AND `isdelete` = "0" ORDER BY `sort_num` DESC
2020-08-18 07:53:43-SELECT p1.*,p2.id AS products_type_id,p2.name AS products_type_name FROM `t_products` as p1 left join t_products_type as p2 on p1.typeid =p2.id where p1.active=1 and p1.isdelete=0 and p2.active=1 and p2.isdelete=0 order by p2.sort_num DESC, p1.sort_num DESC
2020-08-18 07:56:21-SELECT * FROM `t_products_type` WHERE `active` = "1" AND `isdelete` = "0" ORDER BY `sort_num` DESC
2020-08-18 07:56:21-SELECT p1.*,p2.id AS products_type_id,p2.name AS products_type_name FROM `t_products` as p1 left join t_products_type as p2 on p1.typeid =p2.id where p1.active=1 and p1.isdelete=0 and p2.active=1 and p2.isdelete=0 order by p2.sort_num DESC, p1.sort_num DESC
2020-08-18 07:56:21-SELECT COUNT(*) AS `total` FROM `t_products` WHERE `active` = "1" AND `isdelete` = "0" LIMIT 1
2020-08-18 07:56:21-SELECT p1.* FROM `t_products` as p1 left join t_products_type as p2 on p1.typeid =p2.id where p1.active=1 and p1.isdelete=0 and p2.active=1 and p2.isdelete=0 order by p2.sort_num DESC, p1.sort_num DESC LIMIT 0,10
2020-08-18 07:58:15-SELECT `id`, `email`, `secret`, `password` FROM `t_admin_user` WHERE `email` = "1070824493@qq.com" LIMIT 1
2020-08-18 07:58:15-INSERT INTO t_admin_login_log (`adminid`,`ip`,`addtime`) VALUES ('1','113.246.92.187','1597708695')
2020-08-18 07:58:15-SELECT `id`, `orderid`, `email`, `productname`, `addtime`, `status`, `paymoney`, `number` FROM `t_order` WHERE `isdelete` = "0" AND status = 1 or status = 3 ORDER BY `id` DESC
2020-08-18 07:58:16-SELECT COUNT(*) AS `total` FROM `t_user` LIMIT 1
2020-08-18 07:58:17-SELECT COUNT(*) AS `total` FROM `t_config` LIMIT 1
2020-08-18 07:58:17-SELECT `id`, `name`, `updatetime`, `tag` FROM `t_config` ORDER BY `id` DESC LIMIT 0,10
2020-08-18 07:58:18-SELECT COUNT(*) AS `total` FROM `t_payment` LIMIT 1
2020-08-18 07:58:18-SELECT `id`, `payment`, `alias`, `app_id`, `active` FROM `t_payment` ORDER BY `id` DESC LIMIT 0,10
2020-08-18 07:58:18-SELECT COUNT(*) AS `total` FROM `t_email` WHERE `isdelete` = "0" LIMIT 1
2020-08-18 07:58:18-SELECT COUNT(*) AS `total` FROM `t_config` LIMIT 1
2020-08-18 07:58:18-SELECT `id`, `name`, `updatetime`, `tag` FROM `t_config` ORDER BY `id` DESC LIMIT 0,10
2020-08-18 07:58:20-SELECT COUNT(*) AS `total` FROM `t_config` LIMIT 1
2020-08-18 07:58:20-SELECT `id`, `name`, `updatetime`, `tag` FROM `t_config` ORDER BY `id` DESC LIMIT 20,10
2020-08-18 07:58:22-SELECT * FROM `t_config` WHERE `id` = "8" LIMIT 1
2020-08-18 07:58:29-UPDATE `t_config` SET `name` = 'notice',`value` = '注：此界面建议使用电脑端打开~ 另外感谢大家使用泰迪脚本~ 使用说明具体见QQ群文件~&lt;br/&gt;
支持突袭，异界，竞技场，所有地下城，次元，爬塔等模式 &lt;br/&gt;
支持红手指及mumu模拟器（Mac电脑也支持）:&lt;a href=&quot;http://a11.gdl.netease.com/nemu-2.1.5-x86-0221181544.exe&quot; target=&quot;_blank&quot;&gt;模拟器下载&lt;/a&gt; &lt;a href=&quot;https://teddy.lanzoui.com/it4lQfqsqje&quot; target=&quot;_blank&quot;&gt;泰迪脚本下载&lt;/a&gt; &lt;a href=&quot;https://www.withhive.com/games/313&quot; target=&quot;_blank&quot;&gt;魔灵官网下载&lt;/a&gt; &lt;br/&gt; 
有任何请联系泰迪（群号：①群：838134503 &lt;a target=&quot;_blank&quot; href=&quot;https://qm.qq.com/cgi-bin/qm/qr?k=aV3n0Ge7PTx4uk6Nh9XOp43xSz3Lhoxc&amp;jump_from=webapi&quot;&gt;&lt;img border=&quot;0&quot; src=&quot;//pub.idqqimg.com/wpa/images/group.png&quot; alt=&quot;泰迪魔灵召唤脚本&quot; title=&quot;泰迪魔灵召唤脚本&quot;&gt;&lt;/a&gt;，②群：654740867 &lt;a target=&quot;_blank&quot; href=&quot;https://qm.qq.com/cgi-bin/qm/qr?k=5wPzW-dTS1_rm73iKNFtv7v6sgjoxNPl&amp;jump_from=webapi&quot;&gt;&lt;img border=&quot;0&quot; src=&quot;//pub.idqqimg.com/wpa/images/group.png&quot; alt=&quot;泰迪魔灵召唤脚本②&quot; title=&quot;泰迪魔灵召唤脚本②&quot;&gt;&lt;/a&gt;）',`tag` = '首页公告'  WHERE `id` = "8" LIMIT 1
2020-08-18 07:58:29-SELECT * FROM `t_config`
2020-08-18 07:58:31-SELECT * FROM `t_config` WHERE `id` = "8" LIMIT 1
2020-08-18 08:33:03-SELECT * FROM `t_config`
2020-08-18 08:33:06-SELECT `id`, `email`, `secret`, `password` FROM `t_admin_user` WHERE `email` = "1070824493@qq.com" LIMIT 1
2020-08-18 08:33:06-INSERT INTO t_admin_login_log (`adminid`,`ip`,`addtime`) VALUES ('1','113.246.92.187','1597710786')
2020-08-18 08:33:06-SELECT `id`, `orderid`, `email`, `productname`, `addtime`, `status`, `paymoney`, `number` FROM `t_order` WHERE `isdelete` = "0" AND status = 1 or status = 3 ORDER BY `id` DESC
2020-08-18 08:33:08-SELECT COUNT(*) AS `total` FROM `t_user` LIMIT 1
2020-08-18 08:33:08-SELECT COUNT(*) AS `total` FROM `t_config` LIMIT 1
2020-08-18 08:33:08-SELECT `id`, `name`, `updatetime`, `tag` FROM `t_config` ORDER BY `id` DESC LIMIT 0,10
2020-08-18 08:33:10-SELECT COUNT(*) AS `total` FROM `t_config` LIMIT 1
2020-08-18 08:33:10-SELECT `id`, `name`, `updatetime`, `tag` FROM `t_config` ORDER BY `id` DESC LIMIT 20,10
2020-08-18 08:33:12-SELECT * FROM `t_config` WHERE `id` = "8" LIMIT 1
2020-08-18 08:33:17-UPDATE `t_config` SET `name` = 'notice',`value` = '注：此界面建议使用电脑端打开~ 另外感谢大家使用泰迪脚本~ 使用说明具体见QQ群文件~&lt;br/&gt;
支持突袭，异界，竞技场，所有地下城，次元，爬塔等模式 &lt;br/&gt;
支持红手指及mumu模拟器（Mac电脑也支持）:&lt;a href=&quot;http://a11.gdl.netease.com/nemu-2.1.5-x86-0221181544.exe&quot; target=&quot;_blank&quot;&gt;模拟器下载&lt;/a&gt; &lt;a href=&quot;https://teddy.lanzoui.com/iqfEUfqtexc&quot; target=&quot;_blank&quot;&gt;泰迪脚本下载&lt;/a&gt; &lt;a href=&quot;https://www.withhive.com/games/313&quot; target=&quot;_blank&quot;&gt;魔灵官网下载&lt;/a&gt; &lt;br/&gt; 
有任何请联系泰迪（群号：①群：838134503 &lt;a target=&quot;_blank&quot; href=&quot;https://qm.qq.com/cgi-bin/qm/qr?k=aV3n0Ge7PTx4uk6Nh9XOp43xSz3Lhoxc&amp;jump_from=webapi&quot;&gt;&lt;img border=&quot;0&quot; src=&quot;//pub.idqqimg.com/wpa/images/group.png&quot; alt=&quot;泰迪魔灵召唤脚本&quot; title=&quot;泰迪魔灵召唤脚本&quot;&gt;&lt;/a&gt;，②群：654740867 &lt;a target=&quot;_blank&quot; href=&quot;https://qm.qq.com/cgi-bin/qm/qr?k=5wPzW-dTS1_rm73iKNFtv7v6sgjoxNPl&amp;jump_from=webapi&quot;&gt;&lt;img border=&quot;0&quot; src=&quot;//pub.idqqimg.com/wpa/images/group.png&quot; alt=&quot;泰迪魔灵召唤脚本②&quot; title=&quot;泰迪魔灵召唤脚本②&quot;&gt;&lt;/a&gt;）',`tag` = '首页公告'  WHERE `id` = "8" LIMIT 1
2020-08-18 08:33:17-SELECT * FROM `t_config`
2020-08-18 08:33:18-SELECT * FROM `t_config` WHERE `id` = "8" LIMIT 1
2020-08-18 09:00:24-SELECT * FROM `t_config`
2020-08-18 09:00:33-SELECT * FROM `t_products_type` WHERE `active` = "1" AND `isdelete` = "0" ORDER BY `sort_num` DESC
2020-08-18 09:00:33-SELECT p1.*,p2.id AS products_type_id,p2.name AS products_type_name FROM `t_products` as p1 left join t_products_type as p2 on p1.typeid =p2.id where p1.active=1 and p1.isdelete=0 and p2.active=1 and p2.isdelete=0 order by p2.sort_num DESC, p1.sort_num DESC
2020-08-18 09:00:33-SELECT COUNT(*) AS `total` FROM `t_products` WHERE `active` = "1" AND `isdelete` = "0" LIMIT 1
2020-08-18 09:00:33-SELECT p1.* FROM `t_products` as p1 left join t_products_type as p2 on p1.typeid =p2.id where p1.active=1 and p1.isdelete=0 and p2.active=1 and p2.isdelete=0 order by p2.sort_num DESC, p1.sort_num DESC LIMIT 0,10
2020-08-18 09:01:03-SELECT * FROM `t_products` WHERE `id` = "2" AND `active` = "1" AND `isdelete` = "0" LIMIT 1
2020-08-18 09:01:13-SELECT * FROM `t_products` WHERE `id` = "2" AND `active` = "1" AND `isdelete` = "0" LIMIT 1
2020-08-18 09:01:13-SELECT COUNT(*) AS `total` FROM `t_order` WHERE `ip` = "113.109.79.24" AND `status` = "0" AND `isdelete` = "0" AND addtime>=1597680000 and addtime<=1597766399 LIMIT 1
2020-08-18 09:01:13-SELECT COUNT(*) AS `total` FROM `t_order` WHERE `email` = "664271799@qq.com" AND `status` = "0" AND `isdelete` = "0" AND addtime>=1597680000 and addtime<=1597766399 LIMIT 1
2020-08-18 09:01:13-SELECT * FROM `t_user` WHERE `email` = "664271799@qq.com" LIMIT 1
2020-08-18 09:01:13-INSERT INTO t_order (`orderid`,`userid`,`email`,`qq`,`pid`,`productname`,`price`,`number`,`money`,`chapwd`,`ip`,`status`,`addons`,`addtime`) VALUES ('zlkb2020081809011339628','0','664271799@qq.com','664271799','2','泰迪脚本月卡','9.90','1','9.9','910230','113.109.79.24','0','','1597712473')
2020-08-18 09:01:13-SELECT * FROM `t_order` WHERE addtime>1597626073 AND `orderid` = "zlkb2020081809011339628" AND `isdelete` = "0" LIMIT 1
2020-08-18 09:01:13-SELECT * FROM `t_payment` WHERE `active` = "1"
2020-08-18 09:01:16-SELECT * FROM `t_order` WHERE addtime>1597626076 AND `orderid` = "zlkb2020081809011339628" AND `isdelete` = "0" LIMIT 1
2020-08-18 09:01:17-SELECT * FROM `t_order` WHERE `orderid` = "zlkb2020081809011339628" AND `isdelete` = "0" AND addtime>=1597626077 LIMIT 1
2020-08-18 09:01:20-SELECT * FROM `t_order` WHERE `orderid` = "zlkb2020081809011339628" AND `isdelete` = "0" AND addtime>=1597626080 LIMIT 1
2020-08-18 09:01:23-SELECT * FROM `t_order` WHERE `orderid` = "zlkb2020081809011339628" AND `isdelete` = "0" AND addtime>=1597626083 LIMIT 1
2020-08-18 09:01:26-SELECT * FROM `t_order` WHERE `orderid` = "zlkb2020081809011339628" AND `isdelete` = "0" AND addtime>=1597626086 LIMIT 1
2020-08-18 09:01:29-SELECT * FROM `t_order` WHERE `orderid` = "zlkb2020081809011339628" AND `isdelete` = "0" AND addtime>=1597626089 LIMIT 1
2020-08-18 09:01:31-SELECT * FROM `t_order` WHERE `orderid` = "zlkb2020081809011339628" LIMIT 1
2020-08-18 09:01:31-UPDATE `t_order` SET `status` = '1',`paytime` = '1597712491',`tradeid` = '2020081822001480901414542744',`paymethod` = 'zfbf2f',`paymoney` = '9.90'  WHERE `orderid` = "zlkb2020081809011339628" AND `status` = "0"
2020-08-18 09:01:31-SELECT auto,stockcontrol,qty FROM `t_products` WHERE `id` = "2" LIMIT 1
2020-08-18 09:01:31-SELECT * FROM `t_products_card` WHERE `pid` = "2" AND `active` = "0" AND `isdelete` = "0" LIMIT 1
2020-08-18 09:01:31-UPDATE `t_products_card` SET `active` = '1'  WHERE id in (118) AND `active` = "0"
2020-08-18 09:01:31-UPDATE `t_products` SET `qty` = `qty` - '1',`qty_virtual` = `qty_virtual` - '1',`qty_sell` = `qty_sell` + '1'  WHERE `id` = "2" AND `stockcontrol` = "1"
2020-08-18 09:01:31-UPDATE `t_order` SET `status` = '2',`kami` = '7c42ffd1-ab0a-4634-9738-1a7116923d07'  WHERE `orderid` = "zlkb2020081809011339628" AND `status` = "1"
2020-08-18 09:01:31-INSERT INTO t_email_queue(`email`,`subject`,`content`,`addtime`,`status`) VALUES ('664271799@qq.com','商品购买成功','用户:664271799@qq.com,购买的商品[泰迪脚本月卡],密码是:7c42ffd1-ab0a-4634-9738-1a7116923d07','1597712491','0'),('demo@demo.com','用户购买商品','用户:664271799@qq.com,购买的商品[泰迪脚本月卡],密码发送成功;当前商品库存剩余:83','1597712491','0')
2020-08-18 09:01:31-SELECT * FROM `t_email` WHERE `isdelete` = "0"
2020-08-18 09:01:31-UPDATE `t_email_queue` SET `status` = '2',`sendresult` = '失败lang:email_no_hostnamelang:email_send_failure_smtpUser-Agent:CodeIgniterDate:Tue,18Aug202009:01:31+0800From:&quot;&quot;&lt;&gt;Return-Path:&lt;&gt;To:664271799@qq.comSubject:=?utf-8?Q?=E5=95=86=E5=93=81=E8=B4=AD=E4=B9=B0=E6=88=90=E5=8A=9F?=Reply-To:&lt;&gt;X-Mailer:CodeIgniterX-Priority:3(Normal)Message-ID:&lt;5f3b286bc1a8c&gt;Mime-Version:1.0Content-Type:multipart/alternative;boundary=&quot;B_ALT_5f3b286bc1a90&quot;Thisisamulti-partmessageinMIMEformat.Youremailapplicationmaynotsupportthisformat.--B_ALT_5f3b286bc1a90Content-Type:text/plain;charset=utf-8Content-Transfer-Encoding:8bit用户:664271799@qq.com,购买的商品[泰迪脚本月卡],密码是:7c42ffd1-ab0a-4634-9738-1a7116923d07--B_ALT_5f3b286bc1a90Content-Type:text/html;charset=utf-8Content-Transfer-Encoding:quoted-printable=E7=94=A8=E6=88=B7:664271799@qq.com,=E8=B4=AD=E4=B9=B0=E7=9A=84=E5=95=86==E5=93=81[=E6=B3=B0=E8=BF=AA=E8=84=9A=E6=9C=AC=E6=9C=88=E5=8D=A1],=E5=AF==86=E7=A0=81=E6=98=AF:7c42ffd1-ab0a-4634-9738-1a7116923d07--B_ALT_5f3b286bc1a90--'  WHERE `email` = "664271799@qq.com" AND `subject` = "商品购买成功" AND `content` = "用户:664271799@qq.com,购买的商品[泰迪脚本月卡],密码是:7c42ffd1-ab0a-4634-9738-1a7116923d07" AND `addtime` = "1597712491" AND `status` = "0"
2020-08-18 09:01:32-SELECT * FROM `t_order` WHERE `orderid` = "zlkb2020081809011339628" AND `isdelete` = "0" AND addtime>=1597626092 LIMIT 1
2020-08-18 09:01:32-SELECT * FROM `t_order` WHERE `orderid` = "zlkb2020081809011339628" AND `email` = "664271799@qq.com" AND `isdelete` = "0" LIMIT 1
2020-08-18 09:01:31-UPDATE `t_email_queue` SET `status` = '2',`sendresult` = '失败lang:email_no_hostnamelang:email_send_failure_smtpUser-Agent:CodeIgniterDate:Tue,18Aug202009:01:32+0800From:&quot;&quot;&lt;&gt;Return-Path:&lt;&gt;To:demo@demo.comSubject:=?utf-8?Q?=E7=94=A8=E6=88=B7=E8=B4=AD=E4=B9=B0=E5=95=86=E5=93=81?=Reply-To:&lt;&gt;X-Mailer:CodeIgniterX-Priority:3(Normal)Message-ID:&lt;5f3b286cc2725&gt;Mime-Version:1.0Content-Type:multipart/alternative;boundary=&quot;B_ALT_5f3b286cc272a&quot;Thisisamulti-partmessageinMIMEformat.Youremailapplicationmaynotsupportthisformat.--B_ALT_5f3b286cc272aContent-Type:text/plain;charset=utf-8Content-Transfer-Encoding:8bit用户:664271799@qq.com,购买的商品[泰迪脚本月卡],密码发送成功;当前商品库存剩余:83--B_ALT_5f3b286cc272aContent-Type:text/html;charset=utf-8Content-Transfer-Encoding:quoted-printable=E7=94=A8=E6=88=B7:664271799@qq.com,=E8=B4=AD=E4=B9=B0=E7=9A=84=E5=95=86==E5=93=81[=E6=B3=B0=E8=BF=AA=E8=84=9A=E6=9C=AC=E6=9C=88=E5=8D=A1],=E5=AF==86=E7=A0=81=E5=8F=91=E9=80=81=E6=88=90=E5=8A=9F;=E5=BD=93=E5=89=8D==E5=95=86=E5=93=81=E5=BA=93=E5=AD=98=E5=89=A9=E4=BD=99:83--B_ALT_5f3b286cc272a--'  WHERE `email` = "demo@demo.com" AND `subject` = "用户购买商品" AND `content` = "用户:664271799@qq.com,购买的商品[泰迪脚本月卡],密码发送成功;当前商品库存剩余:83" AND `addtime` = "1597712491" AND `status` = "0"
2020-08-18 09:01:36-SELECT * FROM `t_order` WHERE `orderid` = "zlkb2020081809011339628" AND `status` = "2" AND addtime>=1595034096 LIMIT 1
2020-08-18 09:01:55-SELECT * FROM `t_order` WHERE `orderid` = "zlkb2020081809011339628" AND `status` = "2" AND addtime>=1595034115 LIMIT 1
2020-08-18 09:03:07-SELECT * FROM `t_products_type` WHERE `active` = "1" AND `isdelete` = "0" ORDER BY `sort_num` DESC
2020-08-18 09:03:07-SELECT p1.*,p2.id AS products_type_id,p2.name AS products_type_name FROM `t_products` as p1 left join t_products_type as p2 on p1.typeid =p2.id where p1.active=1 and p1.isdelete=0 and p2.active=1 and p2.isdelete=0 order by p2.sort_num DESC, p1.sort_num DESC
2020-08-18 09:03:08-SELECT COUNT(*) AS `total` FROM `t_products` WHERE `active` = "1" AND `isdelete` = "0" LIMIT 1
2020-08-18 09:03:08-SELECT p1.* FROM `t_products` as p1 left join t_products_type as p2 on p1.typeid =p2.id where p1.active=1 and p1.isdelete=0 and p2.active=1 and p2.isdelete=0 order by p2.sort_num DESC, p1.sort_num DESC LIMIT 0,10
2020-08-18 09:07:26-SELECT * FROM `t_products_type` WHERE `active` = "1" AND `isdelete` = "0" ORDER BY `sort_num` DESC
2020-08-18 09:07:26-SELECT p1.*,p2.id AS products_type_id,p2.name AS products_type_name FROM `t_products` as p1 left join t_products_type as p2 on p1.typeid =p2.id where p1.active=1 and p1.isdelete=0 and p2.active=1 and p2.isdelete=0 order by p2.sort_num DESC, p1.sort_num DESC
2020-08-18 09:12:19-SELECT * FROM `t_config`
2020-08-18 09:12:19-SELECT * FROM `t_products_type` WHERE `active` = "1" AND `isdelete` = "0" ORDER BY `sort_num` DESC
2020-08-18 09:12:19-SELECT p1.*,p2.id AS products_type_id,p2.name AS products_type_name FROM `t_products` as p1 left join t_products_type as p2 on p1.typeid =p2.id where p1.active=1 and p1.isdelete=0 and p2.active=1 and p2.isdelete=0 order by p2.sort_num DESC, p1.sort_num DESC
2020-08-18 10:31:46-SELECT * FROM `t_config`
2020-08-18 10:31:46-SELECT * FROM `t_products_type` WHERE `active` = "1" AND `isdelete` = "0" ORDER BY `sort_num` DESC
2020-08-18 10:31:46-SELECT p1.*,p2.id AS products_type_id,p2.name AS products_type_name FROM `t_products` as p1 left join t_products_type as p2 on p1.typeid =p2.id where p1.active=1 and p1.isdelete=0 and p2.active=1 and p2.isdelete=0 order by p2.sort_num DESC, p1.sort_num DESC
2020-08-18 10:31:47-SELECT COUNT(*) AS `total` FROM `t_products` WHERE `active` = "1" AND `isdelete` = "0" LIMIT 1
2020-08-18 10:31:47-SELECT p1.* FROM `t_products` as p1 left join t_products_type as p2 on p1.typeid =p2.id where p1.active=1 and p1.isdelete=0 and p2.active=1 and p2.isdelete=0 order by p2.sort_num DESC, p1.sort_num DESC LIMIT 0,10
2020-08-18 10:56:53-SELECT * FROM `t_config`
2020-08-18 10:56:53-SELECT * FROM `t_products_type` WHERE `active` = "1" AND `isdelete` = "0" ORDER BY `sort_num` DESC
2020-08-18 10:56:53-SELECT p1.*,p2.id AS products_type_id,p2.name AS products_type_name FROM `t_products` as p1 left join t_products_type as p2 on p1.typeid =p2.id where p1.active=1 and p1.isdelete=0 and p2.active=1 and p2.isdelete=0 order by p2.sort_num DESC, p1.sort_num DESC
2020-08-18 10:56:54-SELECT COUNT(*) AS `total` FROM `t_products` WHERE `active` = "1" AND `isdelete` = "0" LIMIT 1
2020-08-18 10:56:54-SELECT p1.* FROM `t_products` as p1 left join t_products_type as p2 on p1.typeid =p2.id where p1.active=1 and p1.isdelete=0 and p2.active=1 and p2.isdelete=0 order by p2.sort_num DESC, p1.sort_num DESC LIMIT 0,10
2020-08-18 14:37:14-SELECT * FROM `t_config`
2020-08-18 14:37:14-SELECT * FROM `t_products_type` WHERE `active` = "1" AND `isdelete` = "0" ORDER BY `sort_num` DESC
2020-08-18 14:37:14-SELECT p1.*,p2.id AS products_type_id,p2.name AS products_type_name FROM `t_products` as p1 left join t_products_type as p2 on p1.typeid =p2.id where p1.active=1 and p1.isdelete=0 and p2.active=1 and p2.isdelete=0 order by p2.sort_num DESC, p1.sort_num DESC
2020-08-18 14:37:16-SELECT * FROM `t_products_type` WHERE `active` = "1" AND `isdelete` = "0" ORDER BY `sort_num` DESC
2020-08-18 14:37:16-SELECT p1.*,p2.id AS products_type_id,p2.name AS products_type_name FROM `t_products` as p1 left join t_products_type as p2 on p1.typeid =p2.id where p1.active=1 and p1.isdelete=0 and p2.active=1 and p2.isdelete=0 order by p2.sort_num DESC, p1.sort_num DESC
2020-08-18 14:37:16-SELECT COUNT(*) AS `total` FROM `t_products` WHERE `active` = "1" AND `isdelete` = "0" LIMIT 1
2020-08-18 14:37:16-SELECT p1.* FROM `t_products` as p1 left join t_products_type as p2 on p1.typeid =p2.id where p1.active=1 and p1.isdelete=0 and p2.active=1 and p2.isdelete=0 order by p2.sort_num DESC, p1.sort_num DESC LIMIT 0,10
2020-08-18 14:37:19-SELECT COUNT(*) AS `total` FROM `t_products` WHERE `active` = "1" AND `isdelete` = "0" LIMIT 1
2020-08-18 14:37:19-SELECT p1.* FROM `t_products` as p1 left join t_products_type as p2 on p1.typeid =p2.id where p1.active=1 and p1.isdelete=0 and p2.active=1 and p2.isdelete=0 order by p2.sort_num DESC, p1.sort_num DESC LIMIT 0,10
2020-08-18 17:38:05-SELECT * FROM `t_config`
2020-08-18 17:38:05-SELECT * FROM `t_products_type` WHERE `active` = "1" AND `isdelete` = "0" ORDER BY `sort_num` DESC
2020-08-18 17:38:05-SELECT p1.*,p2.id AS products_type_id,p2.name AS products_type_name FROM `t_products` as p1 left join t_products_type as p2 on p1.typeid =p2.id where p1.active=1 and p1.isdelete=0 and p2.active=1 and p2.isdelete=0 order by p2.sort_num DESC, p1.sort_num DESC
2020-08-18 18:26:24-SELECT * FROM `t_config`
2020-08-18 18:26:24-SELECT * FROM `t_products_type` WHERE `active` = "1" AND `isdelete` = "0" ORDER BY `sort_num` DESC
2020-08-18 18:26:24-SELECT p1.*,p2.id AS products_type_id,p2.name AS products_type_name FROM `t_products` as p1 left join t_products_type as p2 on p1.typeid =p2.id where p1.active=1 and p1.isdelete=0 and p2.active=1 and p2.isdelete=0 order by p2.sort_num DESC, p1.sort_num DESC
2020-08-18 18:26:24-SELECT COUNT(*) AS `total` FROM `t_products` WHERE `active` = "1" AND `isdelete` = "0" LIMIT 1
2020-08-18 18:26:24-SELECT p1.* FROM `t_products` as p1 left join t_products_type as p2 on p1.typeid =p2.id where p1.active=1 and p1.isdelete=0 and p2.active=1 and p2.isdelete=0 order by p2.sort_num DESC, p1.sort_num DESC LIMIT 0,10
2020-08-18 18:27:17-SELECT * FROM `t_products` WHERE `id` = "4" AND `active` = "1" AND `isdelete` = "0" LIMIT 1
2020-08-18 18:33:07-SELECT * FROM `t_products_type` WHERE `active` = "1" AND `isdelete` = "0" ORDER BY `sort_num` DESC
2020-08-18 18:33:07-SELECT p1.*,p2.id AS products_type_id,p2.name AS products_type_name FROM `t_products` as p1 left join t_products_type as p2 on p1.typeid =p2.id where p1.active=1 and p1.isdelete=0 and p2.active=1 and p2.isdelete=0 order by p2.sort_num DESC, p1.sort_num DESC
2020-08-18 18:33:07-SELECT COUNT(*) AS `total` FROM `t_products` WHERE `active` = "1" AND `isdelete` = "0" LIMIT 1
2020-08-18 18:33:07-SELECT p1.* FROM `t_products` as p1 left join t_products_type as p2 on p1.typeid =p2.id where p1.active=1 and p1.isdelete=0 and p2.active=1 and p2.isdelete=0 order by p2.sort_num DESC, p1.sort_num DESC LIMIT 0,10
2020-08-18 18:39:01-SELECT * FROM `t_config`
2020-08-18 18:39:01-SELECT * FROM `t_products` WHERE `id` = "4" AND `active` = "1" AND `isdelete` = "0" LIMIT 1
2020-08-18 18:43:17-SELECT * FROM `t_products_type` WHERE `active` = "1" AND `isdelete` = "0" ORDER BY `sort_num` DESC
2020-08-18 18:43:17-SELECT p1.*,p2.id AS products_type_id,p2.name AS products_type_name FROM `t_products` as p1 left join t_products_type as p2 on p1.typeid =p2.id where p1.active=1 and p1.isdelete=0 and p2.active=1 and p2.isdelete=0 order by p2.sort_num DESC, p1.sort_num DESC
2020-08-18 18:43:17-SELECT COUNT(*) AS `total` FROM `t_products` WHERE `active` = "1" AND `isdelete` = "0" LIMIT 1
2020-08-18 18:43:17-SELECT p1.* FROM `t_products` as p1 left join t_products_type as p2 on p1.typeid =p2.id where p1.active=1 and p1.isdelete=0 and p2.active=1 and p2.isdelete=0 order by p2.sort_num DESC, p1.sort_num DESC LIMIT 0,10
2020-08-18 18:43:17-SELECT * FROM `t_products_type` WHERE `active` = "1" AND `isdelete` = "0" ORDER BY `sort_num` DESC
2020-08-18 18:43:17-SELECT p1.*,p2.id AS products_type_id,p2.name AS products_type_name FROM `t_products` as p1 left join t_products_type as p2 on p1.typeid =p2.id where p1.active=1 and p1.isdelete=0 and p2.active=1 and p2.isdelete=0 order by p2.sort_num DESC, p1.sort_num DESC
2020-08-18 18:43:18-SELECT COUNT(*) AS `total` FROM `t_products` WHERE `active` = "1" AND `isdelete` = "0" LIMIT 1
2020-08-18 18:43:18-SELECT p1.* FROM `t_products` as p1 left join t_products_type as p2 on p1.typeid =p2.id where p1.active=1 and p1.isdelete=0 and p2.active=1 and p2.isdelete=0 order by p2.sort_num DESC, p1.sort_num DESC LIMIT 0,10
2020-08-18 20:01:51-SELECT * FROM `t_config`
2020-08-18 20:01:53-SELECT `id`, `email`, `secret`, `password` FROM `t_admin_user` WHERE `email` = "1070824493@qq.com" LIMIT 1
2020-08-18 20:01:53-INSERT INTO t_admin_login_log (`adminid`,`ip`,`addtime`) VALUES ('1','113.246.92.187','1597752113')
2020-08-18 20:01:53-SELECT `id`, `orderid`, `email`, `productname`, `addtime`, `status`, `paymoney`, `number` FROM `t_order` WHERE `isdelete` = "0" AND status = 1 or status = 3 ORDER BY `id` DESC
2020-08-18 20:01:55-SELECT COUNT(*) AS `total` FROM `t_config` LIMIT 1
2020-08-18 20:01:55-SELECT `id`, `name`, `updatetime`, `tag` FROM `t_config` ORDER BY `id` DESC LIMIT 0,10
2020-08-18 20:01:57-SELECT COUNT(*) AS `total` FROM `t_config` LIMIT 1
2020-08-18 20:01:57-SELECT `id`, `name`, `updatetime`, `tag` FROM `t_config` ORDER BY `id` DESC LIMIT 20,10
2020-08-18 20:01:58-SELECT * FROM `t_config` WHERE `id` = "8" LIMIT 1
2020-08-18 20:02:06-UPDATE `t_config` SET `name` = 'notice',`value` = '注：此界面建议使用电脑端打开~ 另外感谢大家使用泰迪脚本~ 使用说明具体见QQ群文件~&lt;br/&gt;
支持突袭，异界，竞技场，所有地下城，次元，爬塔等模式 &lt;br/&gt;
支持红手指及mumu模拟器（Mac电脑也支持）:&lt;a href=&quot;http://a11.gdl.netease.com/nemu-2.1.5-x86-0221181544.exe&quot; target=&quot;_blank&quot;&gt;模拟器下载&lt;/a&gt; &lt;a href=&quot;https://teddy.lanzoui.com/iqfEUfqtexc&quot; target=&quot;_blank&quot;&gt;泰迪脚本下载&lt;/a&gt; &lt;a href=&quot;https://www.withhive.com/games/313&quot; target=&quot;_blank&quot;&gt;魔灵官网下载&lt;/a&gt; &lt;br/&gt; 
有任何请联系泰迪（群号：①群：838134503 &lt;a target=&quot;_blank&quot; href=&quot;https://qm.qq.com/cgi-bin/qm/qr?k=aV3n0Ge7PTx4uk6Nh9XOp43xSz3Lhoxc&amp;jump_from=webapi&quot;&gt;&lt;img border=&quot;0&quot; src=&quot;//pub.idqqimg.com/wpa/images/group.png&quot; alt=&quot;泰迪魔灵召唤脚本&quot; title=&quot;泰迪魔灵召唤脚本&quot;&gt;&lt;/a&gt;，②群：654740867 &lt;a target=&quot;_blank&quot; href=&quot;https://qm.qq.com/cgi-bin/qm/qr?k=5wPzW-dTS1_rm73iKNFtv7v6sgjoxNPl&amp;jump_from=webapi&quot;&gt;&lt;img border=&quot;0&quot; src=&quot;//pub.idqqimg.com/wpa/images/group.png&quot; alt=&quot;泰迪魔灵召唤脚本②&quot; title=&quot;泰迪魔灵召唤脚本②&quot;&gt;&lt;/a&gt;）',`tag` = '首页公告'  WHERE `id` = "8" LIMIT 1
2020-08-18 20:02:09-SELECT * FROM `t_config` WHERE `id` = "8" LIMIT 1
2020-08-18 20:02:11-SELECT * FROM `t_config` WHERE `id` = "8" LIMIT 1
2020-08-18 20:02:19-UPDATE `t_config` SET `name` = 'notice',`value` = '注：此界面建议使用电脑端打开~ 另外感谢大家使用泰迪脚本~ 使用说明具体见QQ群文件~&lt;br/&gt;
支持突袭，异界，竞技场，所有地下城，次元，爬塔等模式 &lt;br/&gt;
支持红手指及mumu模拟器（Mac电脑也支持）:&lt;a href=&quot;http://a11.gdl.netease.com/nemu-2.1.5-x86-0221181544.exe&quot; target=&quot;_blank&quot;&gt;模拟器下载&lt;/a&gt; &lt;a href=&quot;https://teddy.lanzoui.com/iqfEUfqtexc&quot; target=&quot;_blank&quot;&gt;泰迪脚本下载&lt;/a&gt; &lt;a href=&quot;https://www.withhive.com/games/313&quot; target=&quot;_blank&quot;&gt;魔灵官网下载&lt;/a&gt; &lt;br/&gt; 
有任何请联系泰迪（群号：①群：838134503 &lt;a target=&quot;_blank&quot; href=&quot;https://qm.qq.com/cgi-bin/qm/qr?k=aV3n0Ge7PTx4uk6Nh9XOp43xSz3Lhoxc&amp;jump_from=webapi&quot;&gt;&lt;img border=&quot;0&quot; src=&quot;//pub.idqqimg.com/wpa/images/group.png&quot; alt=&quot;泰迪魔灵召唤脚本&quot; title=&quot;泰迪魔灵召唤脚本&quot;&gt;&lt;/a&gt;，②群：654740867 &lt;a target=&quot;_blank&quot; href=&quot;https://qm.qq.com/cgi-bin/qm/qr?k=5wPzW-dTS1_rm73iKNFtv7v6sgjoxNPl&amp;jump_from=webapi&quot;&gt;&lt;img border=&quot;0&quot; src=&quot;//pub.idqqimg.com/wpa/images/group.png&quot; alt=&quot;泰迪魔灵召唤脚本②&quot; title=&quot;泰迪魔灵召唤脚本②&quot;&gt;&lt;/a&gt;）',`tag` = '首页公告'  WHERE `id` = "8" LIMIT 1
2020-08-18 20:02:25-SELECT * FROM `t_config` WHERE `id` = "8" LIMIT 1
2020-08-18 20:02:26-SELECT * FROM `t_config` WHERE `id` = "8" LIMIT 1
2020-08-18 20:02:27-SELECT * FROM `t_config` WHERE `id` = "8" LIMIT 1
2020-08-18 20:02:29-SELECT `id`, `orderid`, `email`, `productname`, `addtime`, `status`, `paymoney`, `number` FROM `t_order` WHERE `isdelete` = "0" AND status = 1 or status = 3 ORDER BY `id` DESC
2020-08-18 20:02:34-SELECT COUNT(*) AS `total` FROM `t_config` LIMIT 1
2020-08-18 20:02:34-SELECT `id`, `name`, `updatetime`, `tag` FROM `t_config` ORDER BY `id` DESC LIMIT 0,10
2020-08-18 20:02:37-SELECT COUNT(*) AS `total` FROM `t_config` LIMIT 1
2020-08-18 20:02:37-SELECT `id`, `name`, `updatetime`, `tag` FROM `t_config` ORDER BY `id` DESC LIMIT 20,10
2020-08-18 20:02:38-SELECT * FROM `t_config` WHERE `id` = "8" LIMIT 1
2020-08-18 20:02:48-UPDATE `t_config` SET `name` = 'notice',`value` = '注：此界面建议使用电脑端打开~ 另外感谢大家使用泰迪脚本~ 使用说明具体见QQ群文件~&lt;br/&gt;
支持突袭，异界，竞技场，所有地下城，次元，爬塔等模式 &lt;br/&gt;
支持红手指及mumu模拟器（Mac电脑也支持）:&lt;a href=&quot;http://a11.gdl.netease.com/nemu-2.1.5-x86-0221181544.exe&quot; target=&quot;_blank&quot;&gt;模拟器下载&lt;/a&gt; &lt;a href=&quot;https://teddy.lanzoui.com/iqfEUfqtexc&quot; target=&quot;_blank&quot;&gt;泰迪脚本下载&lt;/a&gt; &lt;a href=&quot;https://www.withhive.com/games/313&quot; target=&quot;_blank&quot;&gt;魔灵官网下载&lt;/a&gt; &lt;br/&gt; 
有任何请联系泰迪（群号：①群：838134503 &lt;a target=&quot;_blank&quot; href=&quot;https://qm.qq.com/cgi-bin/qm/qr?k=aV3n0Ge7PTx4uk6Nh9XOp43xSz3Lhoxc&amp;jump_from=webapi&quot;&gt;&lt;img border=&quot;0&quot; src=&quot;//pub.idqqimg.com/wpa/images/group.png&quot; alt=&quot;泰迪魔灵召唤脚本&quot; title=&quot;泰迪魔灵召唤脚本&quot;&gt;&lt;/a&gt;，②群：654740867 &lt;a target=&quot;_blank&quot; href=&quot;https://qm.qq.com/cgi-bin/qm/qr?k=5wPzW-dTS1_rm73iKNFtv7v6sgjoxNPl&amp;jump_from=webapi&quot;&gt;&lt;img border=&quot;0&quot; src=&quot;//pub.idqqimg.com/wpa/images/group.png&quot; alt=&quot;泰迪魔灵召唤脚本②&quot; title=&quot;泰迪魔灵召唤脚本②&quot;&gt;&lt;/a&gt;）',`tag` = '首页公告'  WHERE `id` = "8" LIMIT 1
2020-08-18 20:02:50-SELECT COUNT(*) AS `total` FROM `t_config` LIMIT 1
2020-08-18 20:02:50-SELECT `id`, `name`, `updatetime`, `tag` FROM `t_config` ORDER BY `id` DESC LIMIT 0,10
2020-08-18 20:02:51-SELECT `id`, `name`, `updatetime`, `tag` FROM `t_config` ORDER BY `id` DESC
2020-08-18 20:02:51-UPDATE `t_config` SET `tag` = '全新的整站模版'  WHERE `id` = "33" LIMIT 1
2020-08-18 20:02:51-UPDATE `t_config` SET `tag` = '查询方式(联系方式)开关'  WHERE `id` = "32" LIMIT 1
2020-08-18 20:02:51-UPDATE `t_config` SET `tag` = '发送用户邮件方式筛选开关'  WHERE `id` = "31" LIMIT 1
2020-08-18 20:02:51-UPDATE `t_config` SET `tag` = '发送用户邮件开关'  WHERE `id` = "30" LIMIT 1
2020-08-18 20:02:51-UPDATE `t_config` SET `tag` = '订单说明显示:0商品名,1订单号'  WHERE `id` = "28" LIMIT 1
2020-08-18 20:02:51-UPDATE `t_config` SET `tag` = '生成二维码的服务地址,默认请填写:/product/order/showqr/?url='  WHERE `id` = "27" LIMIT 1
2020-08-18 20:02:51-UPDATE `t_config` SET `tag` = '折扣开关'  WHERE `id` = "26" LIMIT 1
2020-08-18 20:02:51-UPDATE `t_config` SET `tag` = '单笔订单数量限制'  WHERE `id` = "25" LIMIT 1
2020-08-18 20:02:51-UPDATE `t_config` SET `tag` = 'ICO图标,格式必须是png或者ico或者gif'  WHERE `id` = "24" LIMIT 1
2020-08-18 20:02:51-UPDATE `t_config` SET `tag` = '后台登录验证码开关'  WHERE `id` = "23" LIMIT 1
2020-08-18 20:02:51-UPDATE `t_config` SET `tag` = '找回密码开关'  WHERE `id` = "22" LIMIT 1
2020-08-18 20:02:51-UPDATE `t_config` SET `tag` = '登录开关'  WHERE `id` = "21" LIMIT 1
2020-08-18 20:02:51-UPDATE `t_config` SET `tag` = '弹窗广告'  WHERE `id` = "20" LIMIT 1
2020-08-18 20:02:51-UPDATE `t_config` SET `tag` = '前台顶部菜单配色方案'  WHERE `id` = "18" LIMIT 1
2020-08-18 20:02:51-UPDATE `t_config` SET `tag` = '前台背景图片地址'  WHERE `id` = "17" LIMIT 1
2020-08-18 20:02:51-UPDATE `t_config` SET `tag` = '订单前缀，只能是英文和数字,且长度不要超过5个字符串建议不要超过5个字符串'  WHERE `id` = "16" LIMIT 1
2020-08-18 20:02:51-UPDATE `t_config` SET `tag` = '移动端商品详情，隐藏(0)|显示(1)'  WHERE `id` = "15" LIMIT 1
2020-08-18 20:02:51-UPDATE `t_config` SET `tag` = '统计脚本'  WHERE `id` = "14" LIMIT 1
2020-08-18 20:02:51-UPDATE `t_config` SET `tag` = 'LOGO地址,默认：/res/images/logo.png'  WHERE `id` = "13" LIMIT 1
2020-08-18 20:02:51-UPDATE `t_config` SET `tag` = '订单必填输入框选择: 1邮箱 2QQ'  WHERE `id` = "11" LIMIT 1
2020-08-18 20:02:51-UPDATE `t_config` SET `tag` = '验证码开关(1开，0关)'  WHERE `id` = "10" LIMIT 1
2020-08-18 20:02:51-UPDATE `t_config` SET `tag` = '购买页默认内容'  WHERE `id` = "9" LIMIT 1
2020-08-18 20:02:51-UPDATE `t_config` SET `tag` = '首页公告'  WHERE `id` = "8" LIMIT 1
2020-08-18 20:02:51-UPDATE `t_config` SET `tag` = '当前站点描述'  WHERE `id` = "7" LIMIT 1
2020-08-18 20:02:51-UPDATE `t_config` SET `tag` = '当前站点名称'  WHERE `id` = "6" LIMIT 1
2020-08-18 20:02:51-UPDATE `t_config` SET `tag` = '管理员邮箱,用于接收邮件提醒用'  WHERE `id` = "5" LIMIT 1
2020-08-18 20:02:51-UPDATE `t_config` SET `tag` = '当前网站地址,用于支付站点异步返回，务必修改正确'  WHERE `id` = "4" LIMIT 1
2020-08-18 20:02:51-UPDATE `t_config` SET `tag` = '同一email当日下单限制（针对未付款订单）,不限制请设置为0'  WHERE `id` = "3" LIMIT 1
2020-08-18 20:02:51-UPDATE `t_config` SET `tag` = '同一ip当日下单限制（针对未付款订单）,不限制请设置为0'  WHERE `id` = "2" LIMIT 1
2020-08-18 20:02:51-UPDATE `t_config` SET `tag` = '是否开放注册功能,1是开放,0是关闭'  WHERE `id` = "1" LIMIT 1
2020-08-18 20:02:52-SELECT COUNT(*) AS `total` FROM `t_config` LIMIT 1
2020-08-18 20:02:52-SELECT `id`, `name`, `updatetime`, `tag` FROM `t_config` ORDER BY `id` DESC LIMIT 0,10
2020-08-18 20:02:54-SELECT COUNT(*) AS `total` FROM `t_config` LIMIT 1
2020-08-18 20:02:54-SELECT `id`, `name`, `updatetime`, `tag` FROM `t_config` ORDER BY `id` DESC LIMIT 20,10
2020-08-18 20:02:57-SELECT * FROM `t_config` WHERE `id` = "8" LIMIT 1
2020-08-18 20:03:29-UPDATE `t_config` SET `name` = 'notice',`value` = '注：此界面建议使用电脑端打开~ 另外感谢大家使用泰迪脚本~ 使用说明具体见QQ群文件~&lt;br/&gt;
支持突袭，异界，竞技场，所有地下城，次元，爬塔等模式 &lt;br/&gt;
支持红手指及mumu模拟器（Mac电脑也支持）:&lt;a href=&quot;http://a11.gdl.netease.com/nemu-2.1.5-x86-0221181544.exe&quot; target=&quot;_blank&quot;&gt;模拟器下载&lt;/a&gt; &lt;a href=&quot;https://teddy.lanzoui.com/iqfEUfqtexc&quot; target=&quot;_blank&quot;&gt;泰迪脚本下载&lt;/a&gt; &lt;a href=&quot;https://www.withhive.com/games/313&quot; target=&quot;_blank&quot;&gt;魔灵官网下载&lt;/a&gt; &lt;br/&gt; 
有任何请联系泰迪（群号：①群：838134503 &lt;a target=&quot;_blank&quot; href=&quot;https://qm.qq.com/cgi-bin/qm/qr?k=aV3n0Ge7PTx4uk6Nh9XOp43xSz3Lhoxc&amp;jump_from=webapi&quot;&gt;&lt;img border=&quot;0&quot; src=&quot;//pub.idqqimg.com/wpa/images/group.png&quot; alt=&quot;泰迪魔灵召唤脚本&quot; title=&quot;泰迪魔灵召唤脚本&quot;&gt;&lt;/a&gt;，②群：654740867 &lt;a target=&quot;_blank&quot; href=&quot;https://qm.qq.com/cgi-bin/qm/qr?k=5wPzW-dTS1_rm73iKNFtv7v6sgjoxNPl&amp;jump_from=webapi&quot;&gt;&lt;img border=&quot;0&quot; src=&quot;//pub.idqqimg.com/wpa/images/group.png&quot; alt=&quot;泰迪魔灵召唤脚本②&quot; title=&quot;泰迪魔灵召唤脚本②&quot;&gt;&lt;/a&gt;）',`tag` = '首页公告'  WHERE `id` = "8" LIMIT 1
2020-08-18 20:03:32-UPDATE `t_config` SET `name` = 'notice',`value` = '注：此界面建议使用电脑端打开~ 另外感谢大家使用泰迪脚本~ 使用说明具体见QQ群文件~&lt;br/&gt;
支持突袭，异界，竞技场，所有地下城，次元，爬塔等模式 &lt;br/&gt;
支持红手指及mumu模拟器（Mac电脑也支持）:&lt;a href=&quot;http://a11.gdl.netease.com/nemu-2.1.5-x86-0221181544.exe&quot; target=&quot;_blank&quot;&gt;模拟器下载&lt;/a&gt; &lt;a href=&quot;https://teddy.lanzoui.com/iqfEUfqtexc&quot; target=&quot;_blank&quot;&gt;泰迪脚本下载&lt;/a&gt; &lt;a href=&quot;https://www.withhive.com/games/313&quot; target=&quot;_blank&quot;&gt;魔灵官网下载&lt;/a&gt; &lt;br/&gt; 
有任何请联系泰迪（群号：①群：838134503 &lt;a target=&quot;_blank&quot; href=&quot;https://qm.qq.com/cgi-bin/qm/qr?k=aV3n0Ge7PTx4uk6Nh9XOp43xSz3Lhoxc&amp;jump_from=webapi&quot;&gt;&lt;img border=&quot;0&quot; src=&quot;//pub.idqqimg.com/wpa/images/group.png&quot; alt=&quot;泰迪魔灵召唤脚本&quot; title=&quot;泰迪魔灵召唤脚本&quot;&gt;&lt;/a&gt;，②群：654740867 &lt;a target=&quot;_blank&quot; href=&quot;https://qm.qq.com/cgi-bin/qm/qr?k=5wPzW-dTS1_rm73iKNFtv7v6sgjoxNPl&amp;jump_from=webapi&quot;&gt;&lt;img border=&quot;0&quot; src=&quot;//pub.idqqimg.com/wpa/images/group.png&quot; alt=&quot;泰迪魔灵召唤脚本②&quot; title=&quot;泰迪魔灵召唤脚本②&quot;&gt;&lt;/a&gt;）',`tag` = '首页公告'  WHERE `id` = "8" LIMIT 1
2020-08-18 20:03:33-UPDATE `t_config` SET `name` = 'notice',`value` = '注：此界面建议使用电脑端打开~ 另外感谢大家使用泰迪脚本~ 使用说明具体见QQ群文件~&lt;br/&gt;
支持突袭，异界，竞技场，所有地下城，次元，爬塔等模式 &lt;br/&gt;
支持红手指及mumu模拟器（Mac电脑也支持）:&lt;a href=&quot;http://a11.gdl.netease.com/nemu-2.1.5-x86-0221181544.exe&quot; target=&quot;_blank&quot;&gt;模拟器下载&lt;/a&gt; &lt;a href=&quot;https://teddy.lanzoui.com/iqfEUfqtexc&quot; target=&quot;_blank&quot;&gt;泰迪脚本下载&lt;/a&gt; &lt;a href=&quot;https://www.withhive.com/games/313&quot; target=&quot;_blank&quot;&gt;魔灵官网下载&lt;/a&gt; &lt;br/&gt; 
有任何请联系泰迪（群号：①群：838134503 &lt;a target=&quot;_blank&quot; href=&quot;https://qm.qq.com/cgi-bin/qm/qr?k=aV3n0Ge7PTx4uk6Nh9XOp43xSz3Lhoxc&amp;jump_from=webapi&quot;&gt;&lt;img border=&quot;0&quot; src=&quot;//pub.idqqimg.com/wpa/images/group.png&quot; alt=&quot;泰迪魔灵召唤脚本&quot; title=&quot;泰迪魔灵召唤脚本&quot;&gt;&lt;/a&gt;，②群：654740867 &lt;a target=&quot;_blank&quot; href=&quot;https://qm.qq.com/cgi-bin/qm/qr?k=5wPzW-dTS1_rm73iKNFtv7v6sgjoxNPl&amp;jump_from=webapi&quot;&gt;&lt;img border=&quot;0&quot; src=&quot;//pub.idqqimg.com/wpa/images/group.png&quot; alt=&quot;泰迪魔灵召唤脚本②&quot; title=&quot;泰迪魔灵召唤脚本②&quot;&gt;&lt;/a&gt;）',`tag` = '首页公告'  WHERE `id` = "8" LIMIT 1
2020-08-18 20:03:34-SELECT COUNT(*) AS `total` FROM `t_email` WHERE `isdelete` = "0" LIMIT 1
2020-08-18 20:03:35-SELECT COUNT(*) AS `total` FROM `t_payment` LIMIT 1
2020-08-18 20:03:35-SELECT `id`, `payment`, `alias`, `app_id`, `active` FROM `t_payment` ORDER BY `id` DESC LIMIT 0,10
2020-08-18 20:03:38-SELECT COUNT(*) AS `total` FROM `t_payment` LIMIT 1
2020-08-18 20:03:38-SELECT `id`, `payment`, `alias`, `app_id`, `active` FROM `t_payment` ORDER BY `id` DESC LIMIT 10,10
2020-08-18 20:03:40-SELECT COUNT(*) AS `total` FROM `t_config` LIMIT 1
2020-08-18 20:03:40-SELECT `id`, `name`, `updatetime`, `tag` FROM `t_config` ORDER BY `id` DESC LIMIT 0,10
2020-08-18 20:03:44-SELECT COUNT(*) AS `total` FROM `t_admin_login_log` WHERE `adminid` = "1" LIMIT 1
2020-08-18 20:03:44-SELECT * FROM `t_admin_login_log` WHERE `adminid` = "1" ORDER BY `id` DESC LIMIT 0,10
2020-08-18 20:13:58-SELECT * FROM `t_config`
2020-08-18 20:13:58-SELECT * FROM `t_products_type` WHERE `active` = "1" AND `isdelete` = "0" ORDER BY `sort_num` DESC
2020-08-18 20:13:58-SELECT p1.*,p2.id AS products_type_id,p2.name AS products_type_name FROM `t_products` as p1 left join t_products_type as p2 on p1.typeid =p2.id where p1.active=1 and p1.isdelete=0 and p2.active=1 and p2.isdelete=0 order by p2.sort_num DESC, p1.sort_num DESC
2020-08-18 20:23:05-SELECT * FROM `t_products_type` WHERE `active` = "1" AND `isdelete` = "0" ORDER BY `sort_num` DESC
2020-08-18 20:23:05-SELECT p1.*,p2.id AS products_type_id,p2.name AS products_type_name FROM `t_products` as p1 left join t_products_type as p2 on p1.typeid =p2.id where p1.active=1 and p1.isdelete=0 and p2.active=1 and p2.isdelete=0 order by p2.sort_num DESC, p1.sort_num DESC
2020-08-18 21:37:40-SELECT * FROM `t_config`
2020-08-18 21:37:40-SELECT * FROM `t_products_type` WHERE `active` = "1" AND `isdelete` = "0" ORDER BY `sort_num` DESC
2020-08-18 21:37:40-SELECT p1.*,p2.id AS products_type_id,p2.name AS products_type_name FROM `t_products` as p1 left join t_products_type as p2 on p1.typeid =p2.id where p1.active=1 and p1.isdelete=0 and p2.active=1 and p2.isdelete=0 order by p2.sort_num DESC, p1.sort_num DESC
2020-08-18 21:37:41-SELECT COUNT(*) AS `total` FROM `t_products` WHERE `active` = "1" AND `isdelete` = "0" LIMIT 1
2020-08-18 21:37:41-SELECT p1.* FROM `t_products` as p1 left join t_products_type as p2 on p1.typeid =p2.id where p1.active=1 and p1.isdelete=0 and p2.active=1 and p2.isdelete=0 order by p2.sort_num DESC, p1.sort_num DESC LIMIT 0,10
2020-08-18 22:54:43-SELECT * FROM `t_config`
2020-08-18 22:54:43-SELECT * FROM `t_products_type` WHERE `active` = "1" AND `isdelete` = "0" ORDER BY `sort_num` DESC
2020-08-18 22:54:43-SELECT p1.*,p2.id AS products_type_id,p2.name AS products_type_name FROM `t_products` as p1 left join t_products_type as p2 on p1.typeid =p2.id where p1.active=1 and p1.isdelete=0 and p2.active=1 and p2.isdelete=0 order by p2.sort_num DESC, p1.sort_num DESC
2020-08-18 22:54:44-SELECT COUNT(*) AS `total` FROM `t_products` WHERE `active` = "1" AND `isdelete` = "0" LIMIT 1
2020-08-18 22:54:44-SELECT p1.* FROM `t_products` as p1 left join t_products_type as p2 on p1.typeid =p2.id where p1.active=1 and p1.isdelete=0 and p2.active=1 and p2.isdelete=0 order by p2.sort_num DESC, p1.sort_num DESC LIMIT 0,10
2020-08-18 23:13:42-SELECT * FROM `t_config`
2020-08-18 23:13:42-SELECT * FROM `t_products_type` WHERE `active` = "1" AND `isdelete` = "0" ORDER BY `sort_num` DESC
2020-08-18 23:13:42-SELECT p1.*,p2.id AS products_type_id,p2.name AS products_type_name FROM `t_products` as p1 left join t_products_type as p2 on p1.typeid =p2.id where p1.active=1 and p1.isdelete=0 and p2.active=1 and p2.isdelete=0 order by p2.sort_num DESC, p1.sort_num DESC
2020-08-18 23:13:43-SELECT COUNT(*) AS `total` FROM `t_products` WHERE `active` = "1" AND `isdelete` = "0" LIMIT 1
2020-08-18 23:13:43-SELECT p1.* FROM `t_products` as p1 left join t_products_type as p2 on p1.typeid =p2.id where p1.active=1 and p1.isdelete=0 and p2.active=1 and p2.isdelete=0 order by p2.sort_num DESC, p1.sort_num DESC LIMIT 0,10
2020-08-18 23:19:23-SELECT * FROM `t_products_type` WHERE `active` = "1" AND `isdelete` = "0" ORDER BY `sort_num` DESC
2020-08-18 23:19:23-SELECT p1.*,p2.id AS products_type_id,p2.name AS products_type_name FROM `t_products` as p1 left join t_products_type as p2 on p1.typeid =p2.id where p1.active=1 and p1.isdelete=0 and p2.active=1 and p2.isdelete=0 order by p2.sort_num DESC, p1.sort_num DESC
2020-08-18 23:19:24-SELECT COUNT(*) AS `total` FROM `t_products` WHERE `active` = "1" AND `isdelete` = "0" LIMIT 1
2020-08-18 23:19:24-SELECT p1.* FROM `t_products` as p1 left join t_products_type as p2 on p1.typeid =p2.id where p1.active=1 and p1.isdelete=0 and p2.active=1 and p2.isdelete=0 order by p2.sort_num DESC, p1.sort_num DESC LIMIT 0,10
2020-08-18 23:31:36-SELECT * FROM `t_config`
2020-08-18 23:31:36-SELECT * FROM `t_products_type` WHERE `active` = "1" AND `isdelete` = "0" ORDER BY `sort_num` DESC
2020-08-18 23:31:36-SELECT p1.*,p2.id AS products_type_id,p2.name AS products_type_name FROM `t_products` as p1 left join t_products_type as p2 on p1.typeid =p2.id where p1.active=1 and p1.isdelete=0 and p2.active=1 and p2.isdelete=0 order by p2.sort_num DESC, p1.sort_num DESC
